#! /usr/bin/vvp
:ivl_version "0.9.7 " "(v0_9_7)";
:vpi_time_precision + 0;
:vpi_module "system";
:vpi_module "v2005_math";
:vpi_module "va_math";
S_0x1a2a690 .scope module, "cpu" "cpu" 2 32;
 .timescale 0 0;
P_0x19bf768 .param/str "IM_DATA" 2 36, "im_data.txt";
P_0x19bf790 .param/l "NMEM" 2 35, +C4<010100>;
L_0x1a71ac0 .functor BUFZ 1, v0x1a67370_0, C4<0>, C4<0>, C4<0>;
L_0x1a722a0 .functor OR 1, L_0x1a71fe0, L_0x1a73400, C4<0>, C4<0>;
L_0x1a793d0 .functor XNOR 1, L_0x1a78a80, C4<1>, C4<0>, C4<0>;
v0x1a6d700_0 .net "B", 0 0, L_0x1a71ac0; 1 drivers
v0x1a6d7d0_0 .net "Bdest", 31 0, L_0x1a72530; 1 drivers
v0x1a6d880_0 .net "H", 0 0, L_0x1a72970; 1 drivers
v0x1a6d900_0 .net "Hd", 0 0, L_0x1a73320; 1 drivers
v0x1a6d9e0_0 .net "P", 0 0, L_0x1a72c40; 1 drivers
v0x1a6dab0_0 .net "Pd", 0 0, L_0x1a73400; 1 drivers
v0x1a6db30_0 .net "Pin", 0 0, L_0x1a722a0; 1 drivers
v0x1a6dbb0_0 .net "Wrp", 0 0, v0x1a6d070_0; 1 drivers
v0x1a6dcd0_0 .net "Wrt", 0 0, v0x1a6d1b0_0; 1 drivers
v0x1a6dda0_0 .net *"_s10", 32 0, C4<000000000000000000000000000000100>; 1 drivers
v0x1a6de20_0 .net *"_s12", 32 0, L_0x1a72ec0; 1 drivers
v0x1a6dea0_0 .net *"_s161", 0 0, C4<1>; 1 drivers
v0x1a6df20_0 .net *"_s163", 0 0, L_0x1a793d0; 1 drivers
v0x1a6dfa0_0 .net *"_s34", 3 0, L_0x1a73cd0; 1 drivers
v0x1a6e0a0_0 .net *"_s36", 25 0, L_0x1a73e80; 1 drivers
v0x1a6e120_0 .net *"_s37", 1 0, C4<00>; 1 drivers
v0x1a6e020_0 .net *"_s42", 0 0, L_0x1a74160; 1 drivers
v0x1a6e270_0 .net *"_s43", 15 0, L_0x1a74200; 1 drivers
v0x1a6e390_0 .net *"_s46", 15 0, L_0x1a74420; 1 drivers
v0x1a6e410_0 .net *"_s6", 32 0, L_0x1a72dd0; 1 drivers
v0x1a6e2f0_0 .net *"_s64", 29 0, L_0x1a74c70; 1 drivers
v0x1a6e540_0 .net *"_s65", 1 0, C4<00>; 1 drivers
v0x1a6e490_0 .net *"_s9", 0 0, C4<0>; 1 drivers
v0x1a6e680_0 .net "aluctl", 3 0, v0x1a651d0_0; 1 drivers
v0x1a6e5c0_0 .net "aluop", 1 0, v0x1a67210_0; 1 drivers
v0x1a6e7d0_0 .net "aluop_s3", 1 0, L_0x1a75780; 1 drivers
v0x1a6e700_0 .net "alurslt", 31 0, v0x1a64d30_0; 1 drivers
v0x1a6e930_0 .net "alurslt_s4", 31 0, L_0x1a767b0; 1 drivers
v0x1a6e850_0 .net "alurslt_s5", 31 0, v0x1a5fd90_0; 1 drivers
v0x1a6eaa0_0 .net "alusrc", 0 0, v0x1a672d0_0; 1 drivers
v0x1a6e9b0_0 .net "alusrc_data2", 31 0, L_0x1a76710; 1 drivers
v0x1a6ec20_0 .net "alusrc_s3", 0 0, L_0x1a759c0; 1 drivers
v0x1a6eb20_0 .net "baddr_s2", 31 0, L_0x1a74e00; 1 drivers
v0x1a6eba0_0 .net "baddr_s3", 31 0, v0x1a666a0_0; 1 drivers
v0x1a6ee10_0 .net "baddr_s4", 31 0, v0x1a61ce0_0; 1 drivers
v0x1a6ee90_0 .net "branch_eq_s2", 0 0, v0x1a67370_0; 1 drivers
v0x1a6eca0_0 .net "branch_eq_s3", 0 0, L_0x1a75b80; 1 drivers
v0x1a6ed20_0 .net "branch_eq_s4", 0 0, L_0x1a788f0; 1 drivers
v0x1a6f050_0 .net "branch_ne_s2", 0 0, v0x1a67410_0; 1 drivers
v0x1a6f0d0_0 .net "branch_ne_s3", 0 0, L_0x1a75e90; 1 drivers
v0x1a6ef10_0 .net "branch_ne_s4", 0 0, L_0x1a78660; 1 drivers
v0x1a6ef90_0 .net "c", 0 0, L_0x1a71fe0; 1 drivers
v0x1a6f2b0_0 .net "clk", 0 0, C4<z>; 0 drivers
v0x1a6f330_0 .var "clock_counter", 5 0;
v0x1a6f150_0 .net "data1", 31 0, v0x1a69540_0; 1 drivers
v0x1a6f200_0 .net "data1_s3", 31 0, L_0x1a74a40; 1 drivers
v0x1a6f530_0 .net "data2", 31 0, v0x1a69600_0; 1 drivers
v0x1a6f5b0_0 .net "data2_s3", 31 0, L_0x1a747d0; 1 drivers
v0x1a6f3b0_0 .net "data2_s4", 31 0, v0x1a62ba0_0; 1 drivers
v0x1a6f480_0 .var "flush_s1", 0 0;
v0x1a6f7d0_0 .net "flush_s1_f", 0 0, v0x1a6d400_0; 1 drivers
v0x1a6f850_0 .var "flush_s2", 0 0;
v0x1a6f740_0 .var "flush_s3", 0 0;
v0x1a668f0_0 .var "forward_a", 1 0;
v0x1a6fa90_0 .var "forward_b", 1 0;
v0x1a6fb10_0 .net "funct", 5 0, L_0x1a765b0; 1 drivers
v0x1a6f8d0_0 .var "fw_data1_s3", 31 0;
v0x1a6f980_0 .var "fw_data2_s3", 31 0;
v0x1a6fd70_0 .net "imm", 15 0, L_0x1a73b90; 1 drivers
v0x1a6fdf0_0 .net "inst", 31 0, L_0x1a73630; 1 drivers
v0x1a6fb90_0 .net "inst_s2", 31 0, v0x1a6a4f0_0; 1 drivers
v0x1a6fc10_0 .net "jaddr_s2", 31 0, L_0x1a74030; 1 drivers
v0x1a6fcc0_0 .net "jaddr_s3", 31 0, v0x1a65c40_0; 1 drivers
v0x1a70070_0 .net "jaddr_s4", 31 0, v0x1a61390_0; 1 drivers
v0x1a6fe70_0 .net "jump_s2", 0 0, v0x1a674c0_0; 1 drivers
v0x1a6ff40_0 .net "jump_s3", 0 0, v0x1a660a0_0; 1 drivers
v0x1a70310_0 .net "jump_s4", 0 0, v0x1a61840_0; 1 drivers
v0x1a70390_0 .net "memread", 0 0, v0x1a67570_0; 1 drivers
v0x1a700f0_0 .net "memread_s3", 0 0, L_0x1a756e0; 1 drivers
v0x1a70170_0 .net "memread_s4", 0 0, L_0x1a76470; 1 drivers
v0x1a701f0_0 .net "memtoreg", 0 0, v0x1a67630_0; 1 drivers
v0x1a70650_0 .net "memtoreg_s3", 0 0, L_0x1a75890; 1 drivers
v0x1a70410_0 .net "memtoreg_s4", 0 0, L_0x1a75f30; 1 drivers
v0x1a70490_0 .net "memtoreg_s5", 0 0, L_0x1a78a80; 1 drivers
v0x1a70510_0 .net "memwrite", 0 0, v0x1a676d0_0; 1 drivers
v0x1a705c0_0 .net "memwrite_s3", 0 0, L_0x1a755e0; 1 drivers
v0x1a70940_0 .net "memwrite_s4", 0 0, L_0x1a76310; 1 drivers
v0x1a709c0_0 .net "mux", 1 0, v0x1a6d5e0_0; 1 drivers
v0x1a706d0_0 .net "opcode", 5 0, L_0x1a736e0; 1 drivers
v0x1a70780_0 .var "pc", 31 0;
v0x1a70830_0 .net "pc4", 31 0, L_0x1a73070; 1 drivers
v0x1a70cd0_0 .net "pc4_s2", 31 0, v0x1a6b450_0; 1 drivers
v0x1a70a40_0 .net "pc4_s3", 31 0, v0x1a67d10_0; 1 drivers
v0x1a70ac0_0 .var "pcsrc", 0 0;
v0x1a70b40_0 .net "rd", 4 0, L_0x1a73af0; 1 drivers
v0x1a70bc0_0 .net "rd_s3", 4 0, L_0x1a74d10; 1 drivers
v0x1a70c40_0 .net "rdata", 31 0, L_0x1a78d50; 1 drivers
v0x1a71010_0 .net "rdata_s5", 31 0, v0x1a602a0_0; 1 drivers
v0x1a70d50_0 .net "regdst", 0 0, v0x1a67810_0; 1 drivers
v0x1a70e00_0 .net "regdst_s3", 0 0, L_0x1a75100; 1 drivers
v0x1a70e80_0 .net "regwrite", 0 0, v0x1a678b0_0; 1 drivers
v0x1a70f30_0 .net "regwrite_s3", 0 0, L_0x1a75ae0; 1 drivers
v0x1a71380_0 .net "regwrite_s4", 0 0, L_0x1a76270; 1 drivers
v0x1a71400_0 .net "regwrite_s5", 0 0, L_0x1a78990; 1 drivers
v0x1a71090_0 .net "rs", 4 0, L_0x1a73870; 1 drivers
v0x1a71160_0 .net "rs_s3", 4 0, v0x1a68f70_0; 1 drivers
v0x1a711e0_0 .net "rt", 4 0, L_0x1a73910; 1 drivers
v0x1a71290_0 .net "rt_s3", 4 0, L_0x1a74ae0; 1 drivers
v0x1a717a0_0 .net "seimm", 31 0, L_0x1a74730; 1 drivers
v0x1a71820_0 .net "seimm_s3", 31 0, v0x1a685c0_0; 1 drivers
v0x1a71480_0 .net "seimm_sl2", 31 0, L_0x1a74fc0; 1 drivers
v0x1a71500_0 .net "shamt", 4 0, L_0x1a73c30; 1 drivers
v0x1a71580_0 .var "stall_s1_s2", 0 0;
v0x1a71600_0 .net "wrdata_s5", 31 0, L_0x1a794d0; 1 drivers
v0x1a71680_0 .net "wrreg", 4 0, L_0x1a78510; 1 drivers
v0x1a71bf0_0 .net "wrreg_s4", 4 0, v0x1a62710_0; 1 drivers
v0x1a718a0_0 .net "wrreg_s5", 4 0, v0x1a5f8c0_0; 1 drivers
v0x1a71970_0 .net "zero_s3", 0 0, L_0x1a76980; 1 drivers
v0x1a71a40_0 .net "zero_s4", 0 0, v0x1a634f0_0; 1 drivers
E_0x1a1a2c0 .event edge, v0x1a700f0_0, v0x1a69e80_0, v0x1a71290_0, v0x1a68ec0_0;
E_0x1a1be60/0 .event edge, v0x1a71380_0, v0x1a5f810_0, v0x1a68f70_0, v0x1a69f00_0;
E_0x1a1be60/1 .event edge, v0x1a5f8c0_0, v0x1a71290_0;
E_0x1a1be60 .event/or E_0x1a1be60/0, E_0x1a1be60/1;
E_0x1a21c90 .event "_s177";
E_0x1a0ed20 .event edge, v0x1a6fa90_0, v0x1a5fce0_0, v0x1a69fa0_0, v0x1a6f5b0_0;
E_0x1a24a10 .event edge, v0x1a668f0_0, v0x1a5fce0_0, v0x1a69fa0_0, v0x1a6f200_0;
E_0x1a29ff0 .event edge, v0x1a6d4a0_0;
L_0x1a71fe0 .cmp/eq 32, v0x1a69540_0, v0x1a69600_0;
L_0x1a72dd0 .concat [ 32 1 0 0], v0x1a70780_0, C4<0>;
L_0x1a72ec0 .arith/sum 33, L_0x1a72dd0, C4<000000000000000000000000000000100>;
L_0x1a73070 .part L_0x1a72ec0, 0, 32;
L_0x1a73160 .concat [ 1 1 0 0], L_0x1a72c40, L_0x1a72970;
L_0x1a73320 .part v0x1a6af60_0, 1, 1;
L_0x1a73400 .part v0x1a6af60_0, 0, 1;
L_0x1a736e0 .part v0x1a6a4f0_0, 26, 6;
L_0x1a73870 .part v0x1a6a4f0_0, 21, 5;
L_0x1a73910 .part v0x1a6a4f0_0, 16, 5;
L_0x1a73af0 .part v0x1a6a4f0_0, 11, 5;
L_0x1a73b90 .part v0x1a6a4f0_0, 0, 16;
L_0x1a73c30 .part v0x1a6a4f0_0, 6, 5;
L_0x1a73cd0 .part v0x1a70780_0, 28, 4;
L_0x1a73e80 .part v0x1a6a4f0_0, 0, 26;
L_0x1a74030 .concat [ 2 26 4 0], C4<00>, L_0x1a73e80, L_0x1a73cd0;
L_0x1a74160 .part v0x1a6a4f0_0, 15, 1;
LS_0x1a74200_0_0 .concat [ 1 1 1 1], L_0x1a74160, L_0x1a74160, L_0x1a74160, L_0x1a74160;
LS_0x1a74200_0_4 .concat [ 1 1 1 1], L_0x1a74160, L_0x1a74160, L_0x1a74160, L_0x1a74160;
LS_0x1a74200_0_8 .concat [ 1 1 1 1], L_0x1a74160, L_0x1a74160, L_0x1a74160, L_0x1a74160;
LS_0x1a74200_0_12 .concat [ 1 1 1 1], L_0x1a74160, L_0x1a74160, L_0x1a74160, L_0x1a74160;
L_0x1a74200 .concat [ 4 4 4 4], LS_0x1a74200_0_0, LS_0x1a74200_0_4, LS_0x1a74200_0_8, LS_0x1a74200_0_12;
L_0x1a74420 .part v0x1a6a4f0_0, 0, 16;
L_0x1a74730 .concat [ 16 16 0 0], L_0x1a74420, L_0x1a74200;
L_0x1a74880 .concat [ 32 32 0 0], v0x1a69600_0, v0x1a69540_0;
L_0x1a74a40 .part v0x1a68ad0_0, 32, 32;
L_0x1a747d0 .part v0x1a68ad0_0, 0, 32;
L_0x1a74ba0 .concat [ 5 5 0 0], L_0x1a73af0, L_0x1a73910;
L_0x1a74ae0 .part v0x1a68140_0, 5, 5;
L_0x1a74d10 .part v0x1a68140_0, 0, 5;
L_0x1a74c70 .part L_0x1a74730, 0, 30;
L_0x1a74fc0 .concat [ 2 30 0 0], C4<00>, L_0x1a74c70;
L_0x1a74e00 .arith/sum 32, v0x1a6b450_0, L_0x1a74fc0;
LS_0x1a75310_0_0 .concat [ 1 1 2 1], v0x1a672d0_0, v0x1a678b0_0, v0x1a67210_0, v0x1a67630_0;
LS_0x1a75310_0_4 .concat [ 1 1 1 0], v0x1a676d0_0, v0x1a67570_0, v0x1a67810_0;
L_0x1a75310 .concat [ 5 3 0 0], LS_0x1a75310_0_0, LS_0x1a75310_0_4;
L_0x1a75100 .part v0x1a67010_0, 7, 1;
L_0x1a756e0 .part v0x1a67010_0, 6, 1;
L_0x1a755e0 .part v0x1a67010_0, 5, 1;
L_0x1a75890 .part v0x1a67010_0, 4, 1;
L_0x1a75780 .part v0x1a67010_0, 2, 2;
L_0x1a75ae0 .part v0x1a67010_0, 1, 1;
L_0x1a759c0 .part v0x1a67010_0, 0, 1;
L_0x1a75cb0 .concat [ 1 1 0 0], v0x1a67410_0, v0x1a67370_0;
L_0x1a75b80 .part v0x1a66b50_0, 1, 1;
L_0x1a75e90 .part v0x1a66b50_0, 0, 1;
L_0x1a76080 .concat [ 1 1 1 1], L_0x1a755e0, L_0x1a756e0, L_0x1a75890, L_0x1a75ae0;
L_0x1a76270 .part v0x1a65790_0, 3, 1;
L_0x1a75f30 .part v0x1a65790_0, 2, 1;
L_0x1a76470 .part v0x1a65790_0, 1, 1;
L_0x1a76310 .part v0x1a65790_0, 0, 1;
L_0x1a76710 .functor MUXZ 32, v0x1a6f980_0, v0x1a685c0_0, L_0x1a759c0, C4<>;
L_0x1a765b0 .part v0x1a685c0_0, 0, 6;
L_0x1a785c0 .concat [ 32 0 0 0], v0x1a64d30_0;
L_0x1a767b0 .part v0x1a63030_0, 0, 32;
L_0x1a78510 .functor MUXZ 5, L_0x1a74ae0, L_0x1a74d10, L_0x1a75100, C4<>;
L_0x1a78800 .concat [ 1 1 0 0], L_0x1a75e90, L_0x1a75b80;
L_0x1a788f0 .part v0x1a621e0_0, 1, 1;
L_0x1a78660 .part v0x1a621e0_0, 0, 1;
L_0x1a76850 .concat [ 1 1 0 0], L_0x1a75f30, L_0x1a76270;
L_0x1a78990 .part v0x1a60ed0_0, 1, 1;
L_0x1a78a80 .part v0x1a60ed0_0, 0, 1;
L_0x1a79060 .part L_0x1a767b0, 2, 7;
L_0x1a794d0 .functor MUXZ 32, v0x1a5fd90_0, v0x1a602a0_0, L_0x1a793d0, C4<>;
S_0x1a6cd20 .scope module, "m_branch_unit" "branch_unit" 2 83, 3 5, S_0x1a2a690;
 .timescale 0 0;
v0x1a6ce10_0 .alias "H", 0 0, v0x1a6d880_0;
v0x1a6ce90_0 .alias "Hd", 0 0, v0x1a6d900_0;
v0x1a6cf10_0 .alias "P", 0 0, v0x1a6d9e0_0;
v0x1a6cfc0_0 .alias "Pd", 0 0, v0x1a6dab0_0;
v0x1a6d070_0 .var "Wrp", 0 0;
v0x1a6d0f0_0 .alias "Wrp_f", 0 0, v0x1a6dbb0_0;
v0x1a6d1b0_0 .var "Wrt", 0 0;
v0x1a6d230_0 .alias "Wrt_f", 0 0, v0x1a6dcd0_0;
v0x1a6d2e0_0 .alias "b", 0 0, v0x1a6d700_0;
v0x1a6d360_0 .alias "c", 0 0, v0x1a6ef90_0;
v0x1a6d400_0 .var "flush", 0 0;
v0x1a6d4a0_0 .alias "flush_s1", 0 0, v0x1a6f7d0_0;
v0x1a6d540_0 .alias "mux_f", 1 0, v0x1a709c0_0;
v0x1a6d5e0_0 .var "muxpc", 1 0;
E_0x1a6b150/0 .event edge, v0x1a6d2e0_0, v0x1a6b8f0_0, v0x1a6b970_0, v0x1a6ce90_0;
E_0x1a6b150/1 .event edge, v0x1a6d360_0, v0x1a6cfc0_0;
E_0x1a6b150 .event/or E_0x1a6b150/0, E_0x1a6b150/1;
S_0x1a6b4d0 .scope module, "m_branch_table" "branch_table" 2 89, 4 4, S_0x1a2a690;
 .timescale 0 0;
P_0x1a6b5c8 .param/str "BM_DATA" 4 17, "BM_DATA.txt";
P_0x1a6b5f0 .param/str "PRED_DATA" 4 18, "PRED_DATA.txt";
v0x1a6b780_0 .alias "Bdest", 31 0, v0x1a6d7d0_0;
v0x1a6b840_0 .alias "BdestIN", 31 0, v0x1a6eb20_0;
v0x1a6b8f0_0 .alias "H", 0 0, v0x1a6d880_0;
v0x1a6b970_0 .alias "P", 0 0, v0x1a6d9e0_0;
v0x1a6ba20_0 .alias "PC4d", 31 0, v0x1a70cd0_0;
v0x1a6baf0_0 .alias "Pin", 0 0, v0x1a6db30_0;
v0x1a6bb90_0 .net *"_s0", 31 0, L_0x1a723a0; 1 drivers
v0x1a6bc30_0 .net *"_s11", 25 0, L_0x1a728d0; 1 drivers
v0x1a6bd20_0 .net *"_s14", 0 0, L_0x1a72a60; 1 drivers
v0x1a6bdc0_0 .net *"_s17", 3 0, L_0x1a72b50; 1 drivers
v0x1a6bec0_0 .net *"_s3", 3 0, L_0x1a72440; 1 drivers
v0x1a6bf60_0 .net *"_s6", 25 0, L_0x1a726b0; 1 drivers
v0x1a6c000_0 .net *"_s9", 3 0, L_0x1a72750; 1 drivers
v0x1a6c0a0_0 .alias "clk", 0 0, v0x1a6f2b0_0;
v0x1a6c1a0 .array "dest", 15 0, 31 0;
v0x1a6c4b0_0 .alias "pc4", 31 0, v0x1a70830_0;
v0x1a6c120 .array "pred", 15 0, 0 0;
v0x1a6c830 .array "tag", 15 0, 25 0;
v0x1a6cb50_0 .alias "wrp", 0 0, v0x1a6dbb0_0;
v0x1a6cbf0_0 .alias "wrt", 0 0, v0x1a6dcd0_0;
E_0x1a6b660/0 .event edge, v0x1a6cbf0_0, v0x1a67c60_0, v0x1a66620_0, v0x1a6cb50_0;
E_0x1a6b660/1 .event edge, v0x1a6baf0_0;
E_0x1a6b660 .event/or E_0x1a6b660/0, E_0x1a6b660/1;
L_0x1a723a0 .array/port v0x1a6c1a0, L_0x1a72440;
L_0x1a72440 .part L_0x1a73070, 2, 4;
L_0x1a72530 .functor MUXZ 32, L_0x1a723a0, L_0x1a74e00, v0x1a6d1b0_0, C4<>;
L_0x1a726b0 .array/port v0x1a6c830, L_0x1a72750;
L_0x1a72750 .part L_0x1a73070, 2, 4;
L_0x1a728d0 .part L_0x1a73070, 6, 26;
L_0x1a72970 .cmp/eq 26, L_0x1a726b0, L_0x1a728d0;
L_0x1a72a60 .array/port v0x1a6c120, L_0x1a72b50;
L_0x1a72b50 .part L_0x1a73070, 2, 4;
L_0x1a72c40 .functor MUXZ 1, L_0x1a72a60, L_0x1a722a0, v0x1a6d070_0, C4<>;
S_0x1a6afe0 .scope module, "regr_pc4_s2" "regr" 2 152, 5 31, S_0x1a2a690;
 .timescale 0 0;
P_0x1a6b0d8 .param/l "N" 5 38, +C4<0100000>;
v0x1a6b1a0_0 .net "clear", 0 0, v0x1a6f480_0; 1 drivers
v0x1a6b240_0 .alias "clk", 0 0, v0x1a6f2b0_0;
v0x1a6b2c0_0 .net "hold", 0 0, v0x1a71580_0; 1 drivers
v0x1a689c0_0 .alias "in", 31 0, v0x1a70830_0;
v0x1a6b450_0 .var "out", 31 0;
S_0x1a6abc0 .scope module, "regr_HP" "regr" 2 157, 5 31, S_0x1a2a690;
 .timescale 0 0;
P_0x1a6acb8 .param/l "N" 5 38, +C4<010>;
v0x1a6ad30_0 .alias "clear", 0 0, v0x1a6b1a0_0;
v0x1a6adb0_0 .alias "clk", 0 0, v0x1a6f2b0_0;
v0x1a6ae30_0 .alias "hold", 0 0, v0x1a6b2c0_0;
v0x1a6aeb0_0 .net "in", 1 0, L_0x1a73160; 1 drivers
v0x1a6af60_0 .var "out", 1 0;
S_0x1a6a590 .scope module, "im1" "im" 2 177, 6 24, S_0x1a2a690;
 .timescale 0 0;
P_0x1a6a688 .param/str "IM_DATA" 6 31, "im_data.txt";
P_0x1a6a6b0 .param/l "NMEM" 6 29, +C4<010100>;
L_0x1a73630 .functor BUFZ 32, L_0x1a734a0, C4<00000000000000000000000000000000>, C4<00000000000000000000000000000000>, C4<00000000000000000000000000000000>;
v0x1a6a820_0 .net *"_s0", 31 0, L_0x1a734a0; 1 drivers
v0x1a6a8c0_0 .net *"_s3", 6 0, L_0x1a73540; 1 drivers
v0x1a6a960_0 .net "addr", 31 0, v0x1a70780_0; 1 drivers
v0x1a6aa00_0 .alias "clk", 0 0, v0x1a6f2b0_0;
v0x1a6aa80_0 .alias "data", 31 0, v0x1a6fdf0_0;
v0x1a6ab00 .array "mem", 127 0, 31 0;
L_0x1a734a0 .array/port v0x1a6ab00, L_0x1a73540;
L_0x1a73540 .part v0x1a70780_0, 2, 7;
S_0x1a6a150 .scope module, "regr_im_s2" "regr" 2 178, 5 31, S_0x1a2a690;
 .timescale 0 0;
P_0x1a69288 .param/l "N" 5 38, +C4<0100000>;
v0x1a6a2b0_0 .alias "clear", 0 0, v0x1a6b1a0_0;
v0x1a6a370_0 .alias "clk", 0 0, v0x1a6f2b0_0;
v0x1a6a3f0_0 .alias "hold", 0 0, v0x1a6b2c0_0;
v0x1a6a470_0 .alias "in", 31 0, v0x1a6fdf0_0;
v0x1a6a4f0_0 .var "out", 31 0;
S_0x1a69010 .scope module, "regm1" "regm" 2 207, 7 27, S_0x1a2a690;
 .timescale 0 0;
P_0x1a69108 .param/l "NMEM" 7 35, +C4<010100>;
P_0x1a69130 .param/str "RM_DATA" 7 37, "rm_data.txt";
v0x1a69540_0 .var "_data1", 31 0;
v0x1a69600_0 .var "_data2", 31 0;
v0x1a696a0_0 .alias "clk", 0 0, v0x1a6f2b0_0;
v0x1a69720_0 .alias "data1", 31 0, v0x1a6f150_0;
v0x1a697d0_0 .alias "data2", 31 0, v0x1a6f530_0;
v0x1a69870 .array "mem", 31 0, 31 0;
v0x1a69e00_0 .alias "read1", 4 0, v0x1a71090_0;
v0x1a69e80_0 .alias "read2", 4 0, v0x1a711e0_0;
v0x1a69f00_0 .alias "regwrite", 0 0, v0x1a71400_0;
v0x1a69fa0_0 .alias "wrdata", 31 0, v0x1a71600_0;
v0x1a6a0a0_0 .alias "wrreg", 4 0, v0x1a718a0_0;
E_0x1a69250/0 .event edge, v0x1a69e80_0, v0x1a5f8c0_0, v0x1a69f00_0, v0x1a69fa0_0;
v0x1a69870_0 .array/port v0x1a69870, 0;
v0x1a69870_1 .array/port v0x1a69870, 1;
v0x1a69870_2 .array/port v0x1a69870, 2;
v0x1a69870_3 .array/port v0x1a69870, 3;
E_0x1a69250/1 .event edge, v0x1a69870_0, v0x1a69870_1, v0x1a69870_2, v0x1a69870_3;
v0x1a69870_4 .array/port v0x1a69870, 4;
v0x1a69870_5 .array/port v0x1a69870, 5;
v0x1a69870_6 .array/port v0x1a69870, 6;
v0x1a69870_7 .array/port v0x1a69870, 7;
E_0x1a69250/2 .event edge, v0x1a69870_4, v0x1a69870_5, v0x1a69870_6, v0x1a69870_7;
v0x1a69870_8 .array/port v0x1a69870, 8;
v0x1a69870_9 .array/port v0x1a69870, 9;
v0x1a69870_10 .array/port v0x1a69870, 10;
v0x1a69870_11 .array/port v0x1a69870, 11;
E_0x1a69250/3 .event edge, v0x1a69870_8, v0x1a69870_9, v0x1a69870_10, v0x1a69870_11;
v0x1a69870_12 .array/port v0x1a69870, 12;
v0x1a69870_13 .array/port v0x1a69870, 13;
v0x1a69870_14 .array/port v0x1a69870, 14;
v0x1a69870_15 .array/port v0x1a69870, 15;
E_0x1a69250/4 .event edge, v0x1a69870_12, v0x1a69870_13, v0x1a69870_14, v0x1a69870_15;
v0x1a69870_16 .array/port v0x1a69870, 16;
v0x1a69870_17 .array/port v0x1a69870, 17;
v0x1a69870_18 .array/port v0x1a69870, 18;
v0x1a69870_19 .array/port v0x1a69870, 19;
E_0x1a69250/5 .event edge, v0x1a69870_16, v0x1a69870_17, v0x1a69870_18, v0x1a69870_19;
v0x1a69870_20 .array/port v0x1a69870, 20;
v0x1a69870_21 .array/port v0x1a69870, 21;
v0x1a69870_22 .array/port v0x1a69870, 22;
v0x1a69870_23 .array/port v0x1a69870, 23;
E_0x1a69250/6 .event edge, v0x1a69870_20, v0x1a69870_21, v0x1a69870_22, v0x1a69870_23;
v0x1a69870_24 .array/port v0x1a69870, 24;
v0x1a69870_25 .array/port v0x1a69870, 25;
v0x1a69870_26 .array/port v0x1a69870, 26;
v0x1a69870_27 .array/port v0x1a69870, 27;
E_0x1a69250/7 .event edge, v0x1a69870_24, v0x1a69870_25, v0x1a69870_26, v0x1a69870_27;
v0x1a69870_28 .array/port v0x1a69870, 28;
v0x1a69870_29 .array/port v0x1a69870, 29;
v0x1a69870_30 .array/port v0x1a69870, 30;
v0x1a69870_31 .array/port v0x1a69870, 31;
E_0x1a69250/8 .event edge, v0x1a69870_28, v0x1a69870_29, v0x1a69870_30, v0x1a69870_31;
E_0x1a69250 .event/or E_0x1a69250/0, E_0x1a69250/1, E_0x1a69250/2, E_0x1a69250/3, E_0x1a69250/4, E_0x1a69250/5, E_0x1a69250/6, E_0x1a69250/7, E_0x1a69250/8;
E_0x1a69220/0 .event edge, v0x1a68ec0_0, v0x1a5f8c0_0, v0x1a69f00_0, v0x1a69fa0_0;
E_0x1a69220/1 .event edge, v0x1a69870_0, v0x1a69870_1, v0x1a69870_2, v0x1a69870_3;
E_0x1a69220/2 .event edge, v0x1a69870_4, v0x1a69870_5, v0x1a69870_6, v0x1a69870_7;
E_0x1a69220/3 .event edge, v0x1a69870_8, v0x1a69870_9, v0x1a69870_10, v0x1a69870_11;
E_0x1a69220/4 .event edge, v0x1a69870_12, v0x1a69870_13, v0x1a69870_14, v0x1a69870_15;
E_0x1a69220/5 .event edge, v0x1a69870_16, v0x1a69870_17, v0x1a69870_18, v0x1a69870_19;
E_0x1a69220/6 .event edge, v0x1a69870_20, v0x1a69870_21, v0x1a69870_22, v0x1a69870_23;
E_0x1a69220/7 .event edge, v0x1a69870_24, v0x1a69870_25, v0x1a69870_26, v0x1a69870_27;
E_0x1a69220/8 .event edge, v0x1a69870_28, v0x1a69870_29, v0x1a69870_30, v0x1a69870_31;
E_0x1a69220 .event/or E_0x1a69220/0, E_0x1a69220/1, E_0x1a69220/2, E_0x1a69220/3, E_0x1a69220/4, E_0x1a69220/5, E_0x1a69220/6, E_0x1a69220/7, E_0x1a69220/8;
S_0x1a68b70 .scope module, "regr_s2_rs" "regr" 2 214, 5 31, S_0x1a2a690;
 .timescale 0 0;
P_0x1a68c68 .param/l "N" 5 38, +C4<0101>;
v0x1a68d20_0 .net "clear", 0 0, C4<0>; 1 drivers
v0x1a68dc0_0 .alias "clk", 0 0, v0x1a6f2b0_0;
v0x1a68e40_0 .alias "hold", 0 0, v0x1a6b2c0_0;
v0x1a68ec0_0 .alias "in", 4 0, v0x1a71090_0;
v0x1a68f70_0 .var "out", 4 0;
S_0x1a68660 .scope module, "reg_s2_mem" "regr" 2 219, 5 31, S_0x1a2a690;
 .timescale 0 0;
P_0x1a68758 .param/l "N" 5 38, +C4<01000000>;
v0x1a68820_0 .net "clear", 0 0, v0x1a6f850_0; 1 drivers
v0x1a688c0_0 .alias "clk", 0 0, v0x1a6f2b0_0;
v0x1a68940_0 .alias "hold", 0 0, v0x1a6b2c0_0;
v0x1a68a50_0 .net "in", 63 0, L_0x1a74880; 1 drivers
v0x1a68ad0_0 .var "out", 63 0;
S_0x1a681e0 .scope module, "reg_s2_seimm" "regr" 2 227, 5 31, S_0x1a2a690;
 .timescale 0 0;
P_0x1a682d8 .param/l "N" 5 38, +C4<0100000>;
v0x1a683a0_0 .alias "clear", 0 0, v0x1a68820_0;
v0x1a68440_0 .alias "clk", 0 0, v0x1a6f2b0_0;
v0x1a684c0_0 .alias "hold", 0 0, v0x1a6b2c0_0;
v0x1a68540_0 .alias "in", 31 0, v0x1a717a0_0;
v0x1a685c0_0 .var "out", 31 0;
S_0x1a67d90 .scope module, "reg_s2_rt_rd" "regr" 2 229, 5 31, S_0x1a2a690;
 .timescale 0 0;
P_0x1a67e88 .param/l "N" 5 38, +C4<01010>;
v0x1a67f40_0 .alias "clear", 0 0, v0x1a68820_0;
v0x1a67fc0_0 .alias "clk", 0 0, v0x1a6f2b0_0;
v0x1a68040_0 .alias "hold", 0 0, v0x1a6b2c0_0;
v0x1a680c0_0 .net "in", 9 0, L_0x1a74ba0; 1 drivers
v0x1a68140_0 .var "out", 9 0;
S_0x1a67950 .scope module, "reg_pc4_s2" "regr" 2 234, 5 31, S_0x1a2a690;
 .timescale 0 0;
P_0x1a675f8 .param/l "N" 5 38, +C4<0100000>;
v0x1a67aa0_0 .net "clear", 0 0, C4<0>; 1 drivers
v0x1a67b60_0 .alias "clk", 0 0, v0x1a6f2b0_0;
v0x1a67be0_0 .alias "hold", 0 0, v0x1a6b2c0_0;
v0x1a67c60_0 .alias "in", 31 0, v0x1a70cd0_0;
v0x1a67d10_0 .var "out", 31 0;
S_0x1a670b0 .scope module, "ctl1" "control" 2 249, 8 4, S_0x1a2a690;
 .timescale 0 0;
v0x1a67210_0 .var "aluop", 1 0;
v0x1a672d0_0 .var "alusrc", 0 0;
v0x1a67370_0 .var "branch_eq", 0 0;
v0x1a67410_0 .var "branch_ne", 0 0;
v0x1a674c0_0 .var "jump", 0 0;
v0x1a67570_0 .var "memread", 0 0;
v0x1a67630_0 .var "memtoreg", 0 0;
v0x1a676d0_0 .var "memwrite", 0 0;
v0x1a67770_0 .alias "opcode", 5 0, v0x1a706d0_0;
v0x1a67810_0 .var "regdst", 0 0;
v0x1a678b0_0 .var "regwrite", 0 0;
E_0x1a671a0 .event edge, v0x1a67770_0;
S_0x1a66bf0 .scope module, "reg_s2_control" "regr" 2 273, 5 31, S_0x1a2a690;
 .timescale 0 0;
P_0x1a66ce8 .param/l "N" 5 38, +C4<01000>;
v0x1a66da0_0 .alias "clear", 0 0, v0x1a6b2c0_0;
v0x1a66e40_0 .alias "clk", 0 0, v0x1a6f2b0_0;
v0x1a66ec0_0 .net "hold", 0 0, C4<0>; 1 drivers
v0x1a66f60_0 .net "in", 7 0, L_0x1a75310; 1 drivers
v0x1a67010_0 .var "out", 7 0;
S_0x1a66720 .scope module, "branch_s2_s3" "regr" 2 280, 5 31, S_0x1a2a690;
 .timescale 0 0;
P_0x1a62108 .param/l "N" 5 38, +C4<010>;
v0x1a66870_0 .alias "clear", 0 0, v0x1a68820_0;
v0x1a66980_0 .alias "clk", 0 0, v0x1a6f2b0_0;
v0x1a66a00_0 .net "hold", 0 0, C4<0>; 1 drivers
v0x1a66aa0_0 .net "in", 1 0, L_0x1a75cb0; 1 drivers
v0x1a66b50_0 .var "out", 1 0;
S_0x1a66150 .scope module, "baddr_s2_s3" "regr" 2 285, 5 31, S_0x1a2a690;
 .timescale 0 0;
P_0x1a66248 .param/l "N" 5 38, +C4<0100000>;
v0x1a662f0_0 .alias "clear", 0 0, v0x1a68820_0;
v0x1a66390_0 .alias "clk", 0 0, v0x1a6f2b0_0;
v0x1a62030_0 .net "hold", 0 0, C4<0>; 1 drivers
v0x1a66620_0 .alias "in", 31 0, v0x1a6eb20_0;
v0x1a666a0_0 .var "out", 31 0;
S_0x1a65cf0 .scope module, "reg_jump_s3" "regr" 2 289, 5 31, S_0x1a2a690;
 .timescale 0 0;
P_0x1a65de8 .param/l "N" 5 38, +C4<01>;
v0x1a65e80_0 .alias "clear", 0 0, v0x1a68820_0;
v0x1a65f00_0 .alias "clk", 0 0, v0x1a6f2b0_0;
v0x1a65f80_0 .net "hold", 0 0, C4<0>; 1 drivers
v0x1a66020_0 .alias "in", 0 0, v0x1a6fe70_0;
v0x1a660a0_0 .var "out", 0 0;
S_0x1a65830 .scope module, "reg_jaddr_s3" "regr" 2 294, 5 31, S_0x1a2a690;
 .timescale 0 0;
P_0x1a65928 .param/l "N" 5 38, +C4<0100000>;
v0x1a659f0_0 .alias "clear", 0 0, v0x1a68820_0;
v0x1a65a90_0 .alias "clk", 0 0, v0x1a6f2b0_0;
v0x1a65b10_0 .net "hold", 0 0, C4<0>; 1 drivers
v0x1a65b90_0 .alias "in", 31 0, v0x1a6fc10_0;
v0x1a65c40_0 .var "out", 31 0;
S_0x1a653b0 .scope module, "reg_s3" "regr" 2 305, 5 31, S_0x1a2a690;
 .timescale 0 0;
P_0x1a63ae8 .param/l "N" 5 38, +C4<0100>;
v0x1a65520_0 .alias "clear", 0 0, v0x1a68820_0;
v0x1a655c0_0 .alias "clk", 0 0, v0x1a6f2b0_0;
v0x1a65640_0 .net "hold", 0 0, C4<0>; 1 drivers
v0x1a656e0_0 .net "in", 3 0, L_0x1a76080; 1 drivers
v0x1a65790_0 .var "out", 3 0;
S_0x1a65060 .scope module, "alu_ctl1" "alu_control" 2 319, 9 4, S_0x1a2a690;
 .timescale 0 0;
v0x1a65150_0 .var "_funct", 3 0;
v0x1a651d0_0 .var "aluctl", 3 0;
v0x1a65280_0 .alias "aluop", 1 0, v0x1a6e7d0_0;
v0x1a65300_0 .alias "funct", 5 0, v0x1a6fb10_0;
E_0x1a64cd0 .event edge, v0x1a65280_0, v0x1a65150_0;
E_0x1a64e30 .event edge, v0x1a65300_0;
S_0x1a63590 .scope module, "alu1" "alu" 2 335, 10 6, S_0x1a2a690;
 .timescale 0 0;
L_0x1a75680 .functor XNOR 1, L_0x1a76d50, L_0x1a76e80, C4<0>, C4<0>;
L_0x1a770f0 .functor XOR 1, L_0x1a76f20, L_0x1a77050, C4<0>, C4<0>;
L_0x1a771f0 .functor AND 1, L_0x1a75680, L_0x1a770f0, C4<1>, C4<1>;
L_0x1a776f0 .functor XNOR 1, L_0x1a77550, L_0x1a775f0, C4<0>, C4<0>;
L_0x1a77690 .functor XOR 1, L_0x1a777a0, L_0x1a77890, C4<0>, C4<0>;
L_0x1a779d0 .functor AND 1, L_0x1a776f0, L_0x1a77690, C4<1>, C4<1>;
L_0x1a78230 .functor NOT 1, L_0x1a78080, C4<0>, C4<0>, C4<0>;
v0x1a63710_0 .net *"_s0", 31 0, C4<00000000000000000000000000000000>; 1 drivers
v0x1a637d0_0 .net *"_s11", 0 0, L_0x1a76e80; 1 drivers
v0x1a63870_0 .net *"_s12", 0 0, L_0x1a75680; 1 drivers
v0x1a63910_0 .net *"_s15", 0 0, L_0x1a76f20; 1 drivers
v0x1a639c0_0 .net *"_s17", 0 0, L_0x1a77050; 1 drivers
v0x1a63a60_0 .net *"_s18", 0 0, L_0x1a770f0; 1 drivers
v0x1a63b40_0 .net *"_s20", 0 0, L_0x1a771f0; 1 drivers
v0x1a63be0_0 .net/s *"_s22", 0 0, C4<1>; 1 drivers
v0x1a63c80_0 .net/s *"_s24", 0 0, C4<0>; 1 drivers
v0x1a63d20_0 .net *"_s29", 0 0, L_0x1a77550; 1 drivers
v0x1a63e20_0 .net *"_s31", 0 0, L_0x1a775f0; 1 drivers
v0x1a63ec0_0 .net *"_s32", 0 0, L_0x1a776f0; 1 drivers
v0x1a63fd0_0 .net *"_s35", 0 0, L_0x1a777a0; 1 drivers
v0x1a64070_0 .net *"_s37", 0 0, L_0x1a77890; 1 drivers
v0x1a64190_0 .net *"_s38", 0 0, L_0x1a77690; 1 drivers
v0x1a64230_0 .net *"_s40", 0 0, L_0x1a779d0; 1 drivers
v0x1a640f0_0 .net/s *"_s42", 0 0, C4<1>; 1 drivers
v0x1a64380_0 .net/s *"_s44", 0 0, C4<0>; 1 drivers
v0x1a644a0_0 .net *"_s48", 3 0, C4<0010>; 1 drivers
v0x1a64520_0 .net *"_s50", 0 0, L_0x1a77e50; 1 drivers
v0x1a64400_0 .net *"_s55", 0 0, L_0x1a78080; 1 drivers
v0x1a64650_0 .net *"_s56", 0 0, L_0x1a78230; 1 drivers
v0x1a645a0_0 .net *"_s59", 0 0, L_0x1a782e0; 1 drivers
v0x1a64790_0 .net *"_s9", 0 0, L_0x1a76d50; 1 drivers
v0x1a646f0_0 .net "a", 31 0, v0x1a6f8d0_0; 1 drivers
v0x1a648e0_0 .net "add_ab", 31 0, L_0x1a76c20; 1 drivers
v0x1a64830_0 .alias "b", 31 0, v0x1a6e9b0_0;
v0x1a64a40_0 .alias "ctl", 3 0, v0x1a6e680_0;
v0x1a64980_0 .net "oflow", 0 0, L_0x1a77ef0; 1 drivers
v0x1a64bb0_0 .net "oflow_add", 0 0, L_0x1a77370; 1 drivers
v0x1a64ac0_0 .net "oflow_sub", 0 0, L_0x1a77be0; 1 drivers
v0x1a64d30_0 .var "out", 31 0;
v0x1a64c30_0 .net "slt", 0 0, L_0x1a78380; 1 drivers
v0x1a64ec0_0 .net "sub_ab", 31 0, L_0x1a76ac0; 1 drivers
v0x1a64db0_0 .alias "zero", 0 0, v0x1a71970_0;
E_0x1a63680/0 .event edge, v0x1a64a40_0, v0x1a648e0_0, v0x1a646f0_0, v0x1a64830_0;
E_0x1a63680/1 .event edge, v0x1a64c30_0, v0x1a64ec0_0;
E_0x1a63680 .event/or E_0x1a63680/0, E_0x1a63680/1;
L_0x1a76980 .cmp/eq 32, C4<00000000000000000000000000000000>, v0x1a64d30_0;
L_0x1a76ac0 .arith/sub 32, v0x1a6f8d0_0, L_0x1a76710;
L_0x1a76c20 .arith/sum 32, v0x1a6f8d0_0, L_0x1a76710;
L_0x1a76d50 .part v0x1a6f8d0_0, 31, 1;
L_0x1a76e80 .part L_0x1a76710, 31, 1;
L_0x1a76f20 .part L_0x1a76c20, 31, 1;
L_0x1a77050 .part v0x1a6f8d0_0, 31, 1;
L_0x1a77370 .functor MUXZ 1, C4<0>, C4<1>, L_0x1a771f0, C4<>;
L_0x1a77550 .part v0x1a6f8d0_0, 31, 1;
L_0x1a775f0 .part L_0x1a76710, 31, 1;
L_0x1a777a0 .part L_0x1a76ac0, 31, 1;
L_0x1a77890 .part v0x1a6f8d0_0, 31, 1;
L_0x1a77be0 .functor MUXZ 1, C4<0>, C4<1>, L_0x1a779d0, C4<>;
L_0x1a77e50 .cmp/eq 4, v0x1a651d0_0, C4<0010>;
L_0x1a77ef0 .functor MUXZ 1, L_0x1a77be0, L_0x1a77370, L_0x1a77e50, C4<>;
L_0x1a78080 .part v0x1a6f8d0_0, 31, 1;
L_0x1a782e0 .part v0x1a6f8d0_0, 31, 1;
L_0x1a78380 .functor MUXZ 1, L_0x1a782e0, L_0x1a78230, L_0x1a77be0, C4<>;
S_0x1a630d0 .scope module, "reg_zero_s3_s4" "regr" 2 338, 5 31, S_0x1a2a690;
 .timescale 0 0;
P_0x1a631c8 .param/l "N" 5 38, +C4<01>;
v0x1a63280_0 .net "clear", 0 0, C4<0>; 1 drivers
v0x1a63320_0 .alias "clk", 0 0, v0x1a6f2b0_0;
v0x1a633a0_0 .net "hold", 0 0, C4<0>; 1 drivers
v0x1a63440_0 .alias "in", 0 0, v0x1a71970_0;
v0x1a634f0_0 .var "out", 0 0;
S_0x1a62c50 .scope module, "reg_alurslt" "regr" 2 343, 5 31, S_0x1a2a690;
 .timescale 0 0;
P_0x1a62d48 .param/l "N" 5 38, +C4<0100000>;
v0x1a62df0_0 .net "clear", 0 0, v0x1a6f740_0; 1 drivers
v0x1a62e90_0 .alias "clk", 0 0, v0x1a6f2b0_0;
v0x1a62f10_0 .net "hold", 0 0, C4<0>; 1 drivers
v0x1a62fb0_0 .net "in", 31 0, L_0x1a785c0; 1 drivers
v0x1a63030_0 .var "out", 31 0;
S_0x1a627c0 .scope module, "reg_data2_s3" "regr" 2 356, 5 31, S_0x1a2a690;
 .timescale 0 0;
P_0x1a628b8 .param/l "N" 5 38, +C4<0100000>;
v0x1a62960_0 .alias "clear", 0 0, v0x1a62df0_0;
v0x1a62a00_0 .alias "clk", 0 0, v0x1a6f2b0_0;
v0x1a62a80_0 .net "hold", 0 0, C4<0>; 1 drivers
v0x1a62b20_0 .net "in", 31 0, v0x1a6f980_0; 1 drivers
v0x1a62ba0_0 .var "out", 31 0;
S_0x1a62280 .scope module, "reg_wrreg" "regr" 2 364, 5 31, S_0x1a2a690;
 .timescale 0 0;
P_0x1a62378 .param/l "N" 5 38, +C4<0101>;
v0x1a62430_0 .alias "clear", 0 0, v0x1a62df0_0;
v0x1a62540_0 .alias "clk", 0 0, v0x1a6f2b0_0;
v0x1a625c0_0 .net "hold", 0 0, C4<0>; 1 drivers
v0x1a62660_0 .alias "in", 4 0, v0x1a71680_0;
v0x1a62710_0 .var "out", 4 0;
S_0x1a61d80 .scope module, "branch_s3_s4" "regr" 2 368, 5 31, S_0x1a2a690;
 .timescale 0 0;
P_0x1a61e78 .param/l "N" 5 38, +C4<010>;
v0x1a61f30_0 .alias "clear", 0 0, v0x1a62df0_0;
v0x1a61fb0_0 .alias "clk", 0 0, v0x1a6f2b0_0;
v0x1a60d20_0 .net "hold", 0 0, C4<0>; 1 drivers
v0x1a62160_0 .net "in", 1 0, L_0x1a78800; 1 drivers
v0x1a621e0_0 .var "out", 1 0;
S_0x1a618e0 .scope module, "baddr_s3_s4" "regr" 2 373, 5 31, S_0x1a2a690;
 .timescale 0 0;
P_0x1a619d8 .param/l "N" 5 38, +C4<0100000>;
v0x1a61aa0_0 .alias "clear", 0 0, v0x1a62df0_0;
v0x1a61b40_0 .alias "clk", 0 0, v0x1a6f2b0_0;
v0x1a61bc0_0 .net "hold", 0 0, C4<0>; 1 drivers
v0x1a61c60_0 .alias "in", 31 0, v0x1a6eba0_0;
v0x1a61ce0_0 .var "out", 31 0;
S_0x1a61430 .scope module, "reg_jump_s4" "regr" 2 377, 5 31, S_0x1a2a690;
 .timescale 0 0;
P_0x1a61528 .param/l "N" 5 38, +C4<01>;
v0x1a615e0_0 .alias "clear", 0 0, v0x1a62df0_0;
v0x1a61690_0 .alias "clk", 0 0, v0x1a6f2b0_0;
v0x1a61710_0 .net "hold", 0 0, C4<0>; 1 drivers
v0x1a61790_0 .alias "in", 0 0, v0x1a6ff40_0;
v0x1a61840_0 .var "out", 0 0;
S_0x1a60f70 .scope module, "reg_jaddr_s4" "regr" 2 382, 5 31, S_0x1a2a690;
 .timescale 0 0;
P_0x1a61068 .param/l "N" 5 38, +C4<0100000>;
v0x1a61130_0 .alias "clear", 0 0, v0x1a62df0_0;
v0x1a611f0_0 .alias "clk", 0 0, v0x1a6f2b0_0;
v0x1a61270_0 .net "hold", 0 0, C4<0>; 1 drivers
v0x1a61310_0 .alias "in", 31 0, v0x1a6fcc0_0;
v0x1a61390_0 .var "out", 31 0;
S_0x1a60a90 .scope module, "reg_regwrite_s4" "regr" 2 390, 5 31, S_0x1a2a690;
 .timescale 0 0;
P_0x1a60558 .param/l "N" 5 38, +C4<010>;
v0x1a60c00_0 .net "clear", 0 0, C4<0>; 1 drivers
v0x1a60ca0_0 .alias "clk", 0 0, v0x1a6f2b0_0;
v0x1a60db0_0 .net "hold", 0 0, C4<0>; 1 drivers
v0x1a60e50_0 .net "in", 1 0, L_0x1a76850; 1 drivers
v0x1a60ed0_0 .var "out", 1 0;
S_0x1a60340 .scope module, "dm1" "dm" 2 396, 11 21, S_0x1a2a690;
 .timescale 0 0;
P_0x1a60438 .param/l "NMEM" 11 28, +C4<010100>;
P_0x1a60460 .param/str "RM_DATA" 11 30, "dm_data.txt";
v0x1a605c0_0 .net *"_s0", 31 0, L_0x1a78c80; 1 drivers
v0x1a60680_0 .net "addr", 6 0, L_0x1a79060; 1 drivers
v0x1a60720_0 .alias "clk", 0 0, v0x1a6f2b0_0;
v0x1a607a0 .array "mem", 127 0, 31 0;
v0x1a60820_0 .alias "rd", 0 0, v0x1a70170_0;
v0x1a608a0_0 .alias "rdata", 31 0, v0x1a70c40_0;
v0x1a60920_0 .alias "wdata", 31 0, v0x1a6f3b0_0;
v0x1a609a0_0 .alias "wr", 0 0, v0x1a70940_0;
L_0x1a78c80 .array/port v0x1a607a0, L_0x1a79060;
L_0x1a78d50 .functor MUXZ 32, L_0x1a78c80, v0x1a62ba0_0, L_0x1a76310, C4<>;
S_0x1a5fe30 .scope module, "reg_rdata_s4" "regr" 2 400, 5 31, S_0x1a2a690;
 .timescale 0 0;
P_0x1a5ff28 .param/l "N" 5 38, +C4<0100000>;
v0x1a5fff0_0 .net "clear", 0 0, C4<0>; 1 drivers
v0x1a600b0_0 .alias "clk", 0 0, v0x1a6f2b0_0;
v0x1a60180_0 .net "hold", 0 0, C4<0>; 1 drivers
v0x1a60220_0 .alias "in", 31 0, v0x1a70c40_0;
v0x1a602a0_0 .var "out", 31 0;
S_0x1a5f960 .scope module, "reg_alurslt_s4" "regr" 2 406, 5 31, S_0x1a2a690;
 .timescale 0 0;
P_0x1a5fa58 .param/l "N" 5 38, +C4<0100000>;
v0x1a5fb20_0 .net "clear", 0 0, C4<0>; 1 drivers
v0x1a5fbe0_0 .alias "clk", 0 0, v0x1a6f2b0_0;
v0x1a5fc60_0 .net "hold", 0 0, C4<0>; 1 drivers
v0x1a5fce0_0 .alias "in", 31 0, v0x1a6e930_0;
v0x1a5fd90_0 .var "out", 31 0;
S_0x1a2c380 .scope module, "reg_wrreg_s4" "regr" 2 411, 5 31, S_0x1a2a690;
 .timescale 0 0;
P_0x1a25108 .param/l "N" 5 38, +C4<0101>;
v0x1a3cd90_0 .net "clear", 0 0, C4<0>; 1 drivers
v0x1a5f6d0_0 .alias "clk", 0 0, v0x1a6f2b0_0;
v0x1a5f770_0 .net "hold", 0 0, C4<0>; 1 drivers
v0x1a5f810_0 .alias "in", 4 0, v0x1a71bf0_0;
v0x1a5f8c0_0 .var "out", 4 0;
E_0x1a23530 .event posedge, v0x1a5f6d0_0;
    .scope S_0x1a6cd20;
T_0 ;
    %movi 8, 2, 2;
    %set/v v0x1a6d5e0_0, 8, 2;
    %end;
    .thread T_0;
    .scope S_0x1a6cd20;
T_1 ;
    %wait E_0x1a6b150;
    %load/v 8, v0x1a6d2e0_0, 1;
    %cmpi/u 8, 0, 1;
    %mov 8, 4, 1;
    %load/v 9, v0x1a6ce10_0, 1;
    %cmpi/u 9, 0, 1;
    %mov 9, 4, 1;
    %and 8, 9, 1;
    %jmp/0xz  T_1.0, 8;
    %ix/load 0, 2, 0;
    %assign/v0 v0x1a6d5e0_0, 0, 0;
    %ix/load 0, 1, 0;
    %assign/v0 v0x1a6d1b0_0, 0, 0;
    %ix/load 0, 1, 0;
    %assign/v0 v0x1a6d070_0, 0, 0;
    %ix/load 0, 1, 0;
    %assign/v0 v0x1a6d400_0, 0, 0;
    %jmp T_1.1;
T_1.0 ;
    %load/v 8, v0x1a6d2e0_0, 1;
    %cmpi/u 8, 0, 1;
    %mov 8, 4, 1;
    %load/v 9, v0x1a6ce10_0, 1;
    %and 8, 9, 1;
    %load/v 9, v0x1a6cf10_0, 1;
    %cmpi/u 9, 0, 1;
    %mov 9, 4, 1;
    %and 8, 9, 1;
    %jmp/0xz  T_1.2, 8;
    %ix/load 0, 2, 0;
    %assign/v0 v0x1a6d5e0_0, 0, 0;
    %ix/load 0, 1, 0;
    %assign/v0 v0x1a6d1b0_0, 0, 0;
    %ix/load 0, 1, 0;
    %assign/v0 v0x1a6d070_0, 0, 0;
    %ix/load 0, 1, 0;
    %assign/v0 v0x1a6d400_0, 0, 0;
    %jmp T_1.3;
T_1.2 ;
    %load/v 8, v0x1a6d2e0_0, 1;
    %cmpi/u 8, 0, 1;
    %mov 8, 4, 1;
    %load/v 9, v0x1a6ce10_0, 1;
    %cmpi/u 9, 0, 1;
    %mov 9, 4, 1;
    %and 8, 9, 1;
    %load/v 9, v0x1a6cf10_0, 1;
    %and 8, 9, 1;
    %jmp/0xz  T_1.4, 8;
    %movi 8, 1, 2;
    %ix/load 0, 2, 0;
    %assign/v0 v0x1a6d5e0_0, 0, 8;
    %ix/load 0, 1, 0;
    %assign/v0 v0x1a6d1b0_0, 0, 0;
    %ix/load 0, 1, 0;
    %assign/v0 v0x1a6d070_0, 0, 0;
    %ix/load 0, 1, 0;
    %assign/v0 v0x1a6d400_0, 0, 0;
    %jmp T_1.5;
T_1.4 ;
    %load/v 8, v0x1a6d2e0_0, 1;
    %load/v 9, v0x1a6ce10_0, 1;
    %cmpi/u 9, 0, 1;
    %mov 9, 4, 1;
    %and 8, 9, 1;
    %load/v 9, v0x1a6ce90_0, 1;
    %cmpi/u 9, 0, 1;
    %mov 9, 4, 1;
    %and 8, 9, 1;
    %load/v 9, v0x1a6d360_0, 1;
    %cmpi/u 9, 0, 1;
    %mov 9, 4, 1;
    %and 8, 9, 1;
    %jmp/0xz  T_1.6, 8;
    %ix/load 0, 2, 0;
    %assign/v0 v0x1a6d5e0_0, 0, 0;
    %ix/load 0, 1, 0;
    %assign/v0 v0x1a6d1b0_0, 0, 1;
    %ix/load 0, 1, 0;
    %assign/v0 v0x1a6d070_0, 0, 1;
    %ix/load 0, 1, 0;
    %assign/v0 v0x1a6d400_0, 0, 0;
    %jmp T_1.7;
T_1.6 ;
    %load/v 8, v0x1a6d2e0_0, 1;
    %load/v 9, v0x1a6ce10_0, 1;
    %cmpi/u 9, 0, 1;
    %mov 9, 4, 1;
    %and 8, 9, 1;
    %load/v 9, v0x1a6ce90_0, 1;
    %cmpi/u 9, 0, 1;
    %mov 9, 4, 1;
    %and 8, 9, 1;
    %load/v 9, v0x1a6d360_0, 1;
    %and 8, 9, 1;
    %jmp/0xz  T_1.8, 8;
    %ix/load 0, 2, 0;
    %assign/v0 v0x1a6d5e0_0, 0, 1;
    %ix/load 0, 1, 0;
    %assign/v0 v0x1a6d1b0_0, 0, 1;
    %ix/load 0, 1, 0;
    %assign/v0 v0x1a6d070_0, 0, 1;
    %ix/load 0, 1, 0;
    %assign/v0 v0x1a6d400_0, 0, 1;
    %jmp T_1.9;
T_1.8 ;
    %load/v 8, v0x1a6d2e0_0, 1;
    %load/v 9, v0x1a6ce10_0, 1;
    %cmpi/u 9, 0, 1;
    %mov 9, 4, 1;
    %and 8, 9, 1;
    %load/v 9, v0x1a6ce90_0, 1;
    %and 8, 9, 1;
    %load/v 9, v0x1a6d360_0, 1;
    %cmpi/u 9, 0, 1;
    %mov 9, 4, 1;
    %and 8, 9, 1;
    %load/v 9, v0x1a6cfc0_0, 1;
    %cmpi/u 9, 0, 1;
    %mov 9, 4, 1;
    %and 8, 9, 1;
    %jmp/0xz  T_1.10, 8;
    %ix/load 0, 2, 0;
    %assign/v0 v0x1a6d5e0_0, 0, 0;
    %ix/load 0, 1, 0;
    %assign/v0 v0x1a6d1b0_0, 0, 0;
    %ix/load 0, 1, 0;
    %assign/v0 v0x1a6d070_0, 0, 0;
    %ix/load 0, 1, 0;
    %assign/v0 v0x1a6d400_0, 0, 0;
    %jmp T_1.11;
T_1.10 ;
    %load/v 8, v0x1a6d2e0_0, 1;
    %load/v 9, v0x1a6ce10_0, 1;
    %cmpi/u 9, 0, 1;
    %mov 9, 4, 1;
    %and 8, 9, 1;
    %load/v 9, v0x1a6ce90_0, 1;
    %and 8, 9, 1;
    %load/v 9, v0x1a6d360_0, 1;
    %and 8, 9, 1;
    %load/v 9, v0x1a6cfc0_0, 1;
    %and 8, 9, 1;
    %jmp/0xz  T_1.12, 8;
    %ix/load 0, 2, 0;
    %assign/v0 v0x1a6d5e0_0, 0, 0;
    %ix/load 0, 1, 0;
    %assign/v0 v0x1a6d1b0_0, 0, 0;
    %ix/load 0, 1, 0;
    %assign/v0 v0x1a6d070_0, 0, 0;
    %ix/load 0, 1, 0;
    %assign/v0 v0x1a6d400_0, 0, 0;
    %jmp T_1.13;
T_1.12 ;
    %load/v 8, v0x1a6d2e0_0, 1;
    %load/v 9, v0x1a6ce10_0, 1;
    %cmpi/u 9, 0, 1;
    %mov 9, 4, 1;
    %and 8, 9, 1;
    %load/v 9, v0x1a6ce90_0, 1;
    %and 8, 9, 1;
    %load/v 9, v0x1a6d360_0, 1;
    %and 8, 9, 1;
    %load/v 9, v0x1a6cfc0_0, 1;
    %cmpi/u 9, 0, 1;
    %mov 9, 4, 1;
    %and 8, 9, 1;
    %jmp/0xz  T_1.14, 8;
    %ix/load 0, 2, 0;
    %assign/v0 v0x1a6d5e0_0, 0, 1;
    %ix/load 0, 1, 0;
    %assign/v0 v0x1a6d1b0_0, 0, 0;
    %ix/load 0, 1, 0;
    %assign/v0 v0x1a6d070_0, 0, 1;
    %ix/load 0, 1, 0;
    %assign/v0 v0x1a6d400_0, 0, 1;
    %jmp T_1.15;
T_1.14 ;
    %load/v 8, v0x1a6d2e0_0, 1;
    %load/v 9, v0x1a6ce10_0, 1;
    %cmpi/u 9, 0, 1;
    %mov 9, 4, 1;
    %and 8, 9, 1;
    %load/v 9, v0x1a6ce90_0, 1;
    %and 8, 9, 1;
    %load/v 9, v0x1a6d360_0, 1;
    %cmpi/u 9, 0, 1;
    %mov 9, 4, 1;
    %and 8, 9, 1;
    %load/v 9, v0x1a6cfc0_0, 1;
    %and 8, 9, 1;
    %jmp/0xz  T_1.16, 8;
    %movi 8, 2, 2;
    %ix/load 0, 2, 0;
    %assign/v0 v0x1a6d5e0_0, 0, 8;
    %ix/load 0, 1, 0;
    %assign/v0 v0x1a6d1b0_0, 0, 0;
    %ix/load 0, 1, 0;
    %assign/v0 v0x1a6d070_0, 0, 1;
    %ix/load 0, 1, 0;
    %assign/v0 v0x1a6d400_0, 0, 1;
T_1.16 ;
T_1.15 ;
T_1.13 ;
T_1.11 ;
T_1.9 ;
T_1.7 ;
T_1.5 ;
T_1.3 ;
T_1.1 ;
    %jmp T_1;
    .thread T_1, $push;
    .scope S_0x1a6b4d0;
T_2 ;
    %vpi_call 4 24 "$readmemh", P_0x1a6b5c8, v0x1a6c830, 1'sb0, 5'sb01111;
    %vpi_call 4 25 "$readmemh", P_0x1a6b5f0, v0x1a6c120, 1'sb0, 5'sb01111;
    %end;
    .thread T_2;
    .scope S_0x1a6b4d0;
T_3 ;
    %wait E_0x1a6b660;
    %load/v 8, v0x1a6cbf0_0, 1;
    %jmp/0xz  T_3.0, 8;
    %ix/load 1, 6, 0;
    %mov 4, 0, 1;
    %jmp/1 T_3.2, 4;
    %load/x1p 8, v0x1a6ba20_0, 26;
    %jmp T_3.3;
T_3.2 ;
    %mov 8, 2, 26;
T_3.3 ;
; Save base=8 wid=26 in lookaside.
    %ix/load 1, 2, 0;
    %mov 4, 0, 1;
    %jmp/1 T_3.4, 4;
    %load/x1p 34, v0x1a6ba20_0, 4;
    %jmp T_3.5;
T_3.4 ;
    %mov 34, 2, 4;
T_3.5 ;
; Save base=34 wid=4 in lookaside.
    %ix/get 3, 34, 4;
   %jmp/1 t_0, 4;
   %ix/load 1, 0, 0;
   %set/av v0x1a6c830, 8, 26;
t_0 ;
    %load/v 8, v0x1a6b840_0, 32;
    %ix/load 1, 2, 0;
    %mov 4, 0, 1;
    %jmp/1 T_3.6, 4;
    %load/x1p 40, v0x1a6ba20_0, 4;
    %jmp T_3.7;
T_3.6 ;
    %mov 40, 2, 4;
T_3.7 ;
; Save base=40 wid=4 in lookaside.
    %ix/get 3, 40, 4;
   %jmp/1 t_1, 4;
   %ix/load 1, 0, 0;
   %set/av v0x1a6c1a0, 8, 32;
t_1 ;
T_3.0 ;
    %load/v 8, v0x1a6cb50_0, 1;
    %jmp/0xz  T_3.8, 8;
    %load/v 8, v0x1a6baf0_0, 1;
    %ix/load 1, 2, 0;
    %mov 4, 0, 1;
    %jmp/1 T_3.10, 4;
    %load/x1p 9, v0x1a6ba20_0, 4;
    %jmp T_3.11;
T_3.10 ;
    %mov 9, 2, 4;
T_3.11 ;
; Save base=9 wid=4 in lookaside.
    %ix/get 3, 9, 4;
   %jmp/1 t_2, 4;
   %ix/load 1, 0, 0;
   %set/av v0x1a6c120, 8, 1;
t_2 ;
T_3.8 ;
    %jmp T_3;
    .thread T_3, $push;
    .scope S_0x1a6afe0;
T_4 ;
    %wait E_0x1a23530;
    %load/v 8, v0x1a6b1a0_0, 1;
    %jmp/0xz  T_4.0, 8;
    %ix/load 0, 32, 0;
    %assign/v0 v0x1a6b450_0, 0, 0;
    %jmp T_4.1;
T_4.0 ;
    %load/v 8, v0x1a6b2c0_0, 1;
    %jmp/0xz  T_4.2, 8;
    %load/v 8, v0x1a6b450_0, 32;
    %ix/load 0, 32, 0;
    %assign/v0 v0x1a6b450_0, 0, 8;
    %jmp T_4.3;
T_4.2 ;
    %load/v 8, v0x1a689c0_0, 32;
    %ix/load 0, 32, 0;
    %assign/v0 v0x1a6b450_0, 0, 8;
T_4.3 ;
T_4.1 ;
    %jmp T_4;
    .thread T_4;
    .scope S_0x1a6abc0;
T_5 ;
    %wait E_0x1a23530;
    %load/v 8, v0x1a6ad30_0, 1;
    %jmp/0xz  T_5.0, 8;
    %ix/load 0, 2, 0;
    %assign/v0 v0x1a6af60_0, 0, 0;
    %jmp T_5.1;
T_5.0 ;
    %load/v 8, v0x1a6ae30_0, 1;
    %jmp/0xz  T_5.2, 8;
    %load/v 8, v0x1a6af60_0, 2;
    %ix/load 0, 2, 0;
    %assign/v0 v0x1a6af60_0, 0, 8;
    %jmp T_5.3;
T_5.2 ;
    %load/v 8, v0x1a6aeb0_0, 2;
    %ix/load 0, 2, 0;
    %assign/v0 v0x1a6af60_0, 0, 8;
T_5.3 ;
T_5.1 ;
    %jmp T_5;
    .thread T_5;
    .scope S_0x1a6a590;
T_6 ;
    %vpi_call 6 36 "$readmemh", P_0x1a6a688, v0x1a6ab00, 1'sb0, 6'sb010011;
    %end;
    .thread T_6;
    .scope S_0x1a6a150;
T_7 ;
    %wait E_0x1a23530;
    %load/v 8, v0x1a6a2b0_0, 1;
    %jmp/0xz  T_7.0, 8;
    %ix/load 0, 32, 0;
    %assign/v0 v0x1a6a4f0_0, 0, 0;
    %jmp T_7.1;
T_7.0 ;
    %load/v 8, v0x1a6a3f0_0, 1;
    %jmp/0xz  T_7.2, 8;
    %load/v 8, v0x1a6a4f0_0, 32;
    %ix/load 0, 32, 0;
    %assign/v0 v0x1a6a4f0_0, 0, 8;
    %jmp T_7.3;
T_7.2 ;
    %load/v 8, v0x1a6a470_0, 32;
    %ix/load 0, 32, 0;
    %assign/v0 v0x1a6a4f0_0, 0, 8;
T_7.3 ;
T_7.1 ;
    %jmp T_7;
    .thread T_7;
    .scope S_0x1a69010;
T_8 ;
    %vpi_call 7 42 "$readmemh", P_0x1a69130, v0x1a69870, 1'sb0, 6'sb010011;
    %end;
    .thread T_8;
    .scope S_0x1a69010;
T_9 ;
    %end;
    .thread T_9;
    .scope S_0x1a69010;
T_10 ;
    %wait E_0x1a69220;
    %load/v 8, v0x1a69e00_0, 5;
    %cmpi/u 8, 0, 5;
    %jmp/0xz  T_10.0, 4;
    %set/v v0x1a69540_0, 0, 32;
    %jmp T_10.1;
T_10.0 ;
    %load/v 8, v0x1a69e00_0, 5;
    %load/v 13, v0x1a6a0a0_0, 5;
    %cmp/u 8, 13, 5;
    %mov 8, 4, 1;
    %load/v 9, v0x1a69f00_0, 1;
    %and 8, 9, 1;
    %jmp/0xz  T_10.2, 8;
    %load/v 8, v0x1a69fa0_0, 32;
    %set/v v0x1a69540_0, 8, 32;
    %jmp T_10.3;
T_10.2 ;
    %ix/getv 3, v0x1a69e00_0;
    %load/av 8, v0x1a69870, 32;
    %set/v v0x1a69540_0, 8, 32;
T_10.3 ;
T_10.1 ;
    %jmp T_10;
    .thread T_10, $push;
    .scope S_0x1a69010;
T_11 ;
    %wait E_0x1a69250;
    %load/v 8, v0x1a69e80_0, 5;
    %cmpi/u 8, 0, 5;
    %jmp/0xz  T_11.0, 4;
    %set/v v0x1a69600_0, 0, 32;
    %jmp T_11.1;
T_11.0 ;
    %load/v 8, v0x1a69e80_0, 5;
    %load/v 13, v0x1a6a0a0_0, 5;
    %cmp/u 8, 13, 5;
    %mov 8, 4, 1;
    %load/v 9, v0x1a69f00_0, 1;
    %and 8, 9, 1;
    %jmp/0xz  T_11.2, 8;
    %load/v 8, v0x1a69fa0_0, 32;
    %set/v v0x1a69600_0, 8, 32;
    %jmp T_11.3;
T_11.2 ;
    %ix/getv 3, v0x1a69e80_0;
    %load/av 8, v0x1a69870, 32;
    %set/v v0x1a69600_0, 8, 32;
T_11.3 ;
T_11.1 ;
    %jmp T_11;
    .thread T_11, $push;
    .scope S_0x1a69010;
T_12 ;
    %wait E_0x1a23530;
    %load/v 8, v0x1a69f00_0, 1;
    %load/v 9, v0x1a6a0a0_0, 5;
    %cmpi/u 9, 0, 5;
    %inv 4, 1;
    %mov 9, 4, 1;
    %and 8, 9, 1;
    %jmp/0xz  T_12.0, 8;
    %load/v 8, v0x1a69fa0_0, 32;
    %ix/getv 3, v0x1a6a0a0_0;
    %jmp/1 t_3, 4;
    %ix/load 0, 32, 0; word width
    %ix/load 1, 0, 0; part off
    %assign/av v0x1a69870, 0, 8;
t_3 ;
T_12.0 ;
    %jmp T_12;
    .thread T_12;
    .scope S_0x1a68b70;
T_13 ;
    %wait E_0x1a23530;
    %load/v 8, v0x1a68d20_0, 1;
    %jmp/0xz  T_13.0, 8;
    %ix/load 0, 5, 0;
    %assign/v0 v0x1a68f70_0, 0, 0;
    %jmp T_13.1;
T_13.0 ;
    %load/v 8, v0x1a68e40_0, 1;
    %jmp/0xz  T_13.2, 8;
    %load/v 8, v0x1a68f70_0, 5;
    %ix/load 0, 5, 0;
    %assign/v0 v0x1a68f70_0, 0, 8;
    %jmp T_13.3;
T_13.2 ;
    %load/v 8, v0x1a68ec0_0, 5;
    %ix/load 0, 5, 0;
    %assign/v0 v0x1a68f70_0, 0, 8;
T_13.3 ;
T_13.1 ;
    %jmp T_13;
    .thread T_13;
    .scope S_0x1a68660;
T_14 ;
    %wait E_0x1a23530;
    %load/v 8, v0x1a68820_0, 1;
    %jmp/0xz  T_14.0, 8;
    %ix/load 0, 64, 0;
    %assign/v0 v0x1a68ad0_0, 0, 0;
    %jmp T_14.1;
T_14.0 ;
    %load/v 8, v0x1a68940_0, 1;
    %jmp/0xz  T_14.2, 8;
    %load/v 8, v0x1a68ad0_0, 64;
    %ix/load 0, 64, 0;
    %assign/v0 v0x1a68ad0_0, 0, 8;
    %jmp T_14.3;
T_14.2 ;
    %load/v 8, v0x1a68a50_0, 64;
    %ix/load 0, 64, 0;
    %assign/v0 v0x1a68ad0_0, 0, 8;
T_14.3 ;
T_14.1 ;
    %jmp T_14;
    .thread T_14;
    .scope S_0x1a681e0;
T_15 ;
    %wait E_0x1a23530;
    %load/v 8, v0x1a683a0_0, 1;
    %jmp/0xz  T_15.0, 8;
    %ix/load 0, 32, 0;
    %assign/v0 v0x1a685c0_0, 0, 0;
    %jmp T_15.1;
T_15.0 ;
    %load/v 8, v0x1a684c0_0, 1;
    %jmp/0xz  T_15.2, 8;
    %load/v 8, v0x1a685c0_0, 32;
    %ix/load 0, 32, 0;
    %assign/v0 v0x1a685c0_0, 0, 8;
    %jmp T_15.3;
T_15.2 ;
    %load/v 8, v0x1a68540_0, 32;
    %ix/load 0, 32, 0;
    %assign/v0 v0x1a685c0_0, 0, 8;
T_15.3 ;
T_15.1 ;
    %jmp T_15;
    .thread T_15;
    .scope S_0x1a67d90;
T_16 ;
    %wait E_0x1a23530;
    %load/v 8, v0x1a67f40_0, 1;
    %jmp/0xz  T_16.0, 8;
    %ix/load 0, 10, 0;
    %assign/v0 v0x1a68140_0, 0, 0;
    %jmp T_16.1;
T_16.0 ;
    %load/v 8, v0x1a68040_0, 1;
    %jmp/0xz  T_16.2, 8;
    %load/v 8, v0x1a68140_0, 10;
    %ix/load 0, 10, 0;
    %assign/v0 v0x1a68140_0, 0, 8;
    %jmp T_16.3;
T_16.2 ;
    %load/v 8, v0x1a680c0_0, 10;
    %ix/load 0, 10, 0;
    %assign/v0 v0x1a68140_0, 0, 8;
T_16.3 ;
T_16.1 ;
    %jmp T_16;
    .thread T_16;
    .scope S_0x1a67950;
T_17 ;
    %wait E_0x1a23530;
    %load/v 8, v0x1a67aa0_0, 1;
    %jmp/0xz  T_17.0, 8;
    %ix/load 0, 32, 0;
    %assign/v0 v0x1a67d10_0, 0, 0;
    %jmp T_17.1;
T_17.0 ;
    %load/v 8, v0x1a67be0_0, 1;
    %jmp/0xz  T_17.2, 8;
    %load/v 8, v0x1a67d10_0, 32;
    %ix/load 0, 32, 0;
    %assign/v0 v0x1a67d10_0, 0, 8;
    %jmp T_17.3;
T_17.2 ;
    %load/v 8, v0x1a67c60_0, 32;
    %ix/load 0, 32, 0;
    %assign/v0 v0x1a67d10_0, 0, 8;
T_17.3 ;
T_17.1 ;
    %jmp T_17;
    .thread T_17;
    .scope S_0x1a670b0;
T_18 ;
    %wait E_0x1a671a0;
    %movi 8, 2, 2;
    %ix/load 0, 2, 0;
    %assign/v0 v0x1a67210_0, 0, 8;
    %ix/load 0, 1, 0;
    %assign/v0 v0x1a672d0_0, 0, 0;
    %ix/load 0, 1, 0;
    %assign/v0 v0x1a67370_0, 0, 0;
    %ix/load 0, 1, 0;
    %assign/v0 v0x1a67410_0, 0, 0;
    %ix/load 0, 1, 0;
    %assign/v0 v0x1a67570_0, 0, 0;
    %ix/load 0, 1, 0;
    %assign/v0 v0x1a67630_0, 0, 0;
    %ix/load 0, 1, 0;
    %assign/v0 v0x1a676d0_0, 0, 0;
    %ix/load 0, 1, 0;
    %assign/v0 v0x1a67810_0, 0, 1;
    %ix/load 0, 1, 0;
    %assign/v0 v0x1a678b0_0, 0, 1;
    %ix/load 0, 1, 0;
    %assign/v0 v0x1a674c0_0, 0, 0;
    %load/v 8, v0x1a67770_0, 6;
    %cmpi/u 8, 35, 6;
    %jmp/1 T_18.0, 6;
    %cmpi/u 8, 8, 6;
    %jmp/1 T_18.1, 6;
    %cmpi/u 8, 4, 6;
    %jmp/1 T_18.2, 6;
    %cmpi/u 8, 43, 6;
    %jmp/1 T_18.3, 6;
    %cmpi/u 8, 5, 6;
    %jmp/1 T_18.4, 6;
    %cmpi/u 8, 0, 6;
    %jmp/1 T_18.5, 6;
    %cmpi/u 8, 2, 6;
    %jmp/1 T_18.6, 6;
    %jmp T_18.7;
T_18.0 ;
    %ix/load 0, 1, 0;
    %assign/v0 v0x1a67570_0, 0, 1;
    %ix/load 0, 1, 0;
    %assign/v0 v0x1a67810_0, 0, 0;
    %ix/load 0, 1, 0;
    %assign/v0 v0x1a67630_0, 0, 1;
    %ix/load 0, 1, 0;
    %ix/load 1, 1, 0;
    %assign/v0/x1 v0x1a67210_0, 0, 0;
    %ix/load 0, 1, 0;
    %assign/v0 v0x1a672d0_0, 0, 1;
    %jmp T_18.7;
T_18.1 ;
    %ix/load 0, 1, 0;
    %assign/v0 v0x1a67810_0, 0, 0;
    %ix/load 0, 1, 0;
    %ix/load 1, 1, 0;
    %assign/v0/x1 v0x1a67210_0, 0, 0;
    %ix/load 0, 1, 0;
    %assign/v0 v0x1a672d0_0, 0, 1;
    %jmp T_18.7;
T_18.2 ;
    %ix/load 0, 1, 0;
    %ix/load 1, 0, 0;
    %assign/v0/x1 v0x1a67210_0, 0, 1;
    %ix/load 0, 1, 0;
    %ix/load 1, 1, 0;
    %assign/v0/x1 v0x1a67210_0, 0, 0;
    %ix/load 0, 1, 0;
    %assign/v0 v0x1a67370_0, 0, 1;
    %ix/load 0, 1, 0;
    %assign/v0 v0x1a678b0_0, 0, 0;
    %jmp T_18.7;
T_18.3 ;
    %ix/load 0, 1, 0;
    %assign/v0 v0x1a676d0_0, 0, 1;
    %ix/load 0, 1, 0;
    %ix/load 1, 1, 0;
    %assign/v0/x1 v0x1a67210_0, 0, 0;
    %ix/load 0, 1, 0;
    %assign/v0 v0x1a672d0_0, 0, 1;
    %ix/load 0, 1, 0;
    %assign/v0 v0x1a678b0_0, 0, 0;
    %jmp T_18.7;
T_18.4 ;
    %ix/load 0, 1, 0;
    %ix/load 1, 0, 0;
    %assign/v0/x1 v0x1a67210_0, 0, 1;
    %ix/load 0, 1, 0;
    %ix/load 1, 1, 0;
    %assign/v0/x1 v0x1a67210_0, 0, 0;
    %ix/load 0, 1, 0;
    %assign/v0 v0x1a67410_0, 0, 1;
    %ix/load 0, 1, 0;
    %assign/v0 v0x1a678b0_0, 0, 0;
    %jmp T_18.7;
T_18.5 ;
    %jmp T_18.7;
T_18.6 ;
    %ix/load 0, 1, 0;
    %assign/v0 v0x1a674c0_0, 0, 1;
    %jmp T_18.7;
T_18.7 ;
    %jmp T_18;
    .thread T_18, $push;
    .scope S_0x1a66bf0;
T_19 ;
    %wait E_0x1a23530;
    %load/v 8, v0x1a66da0_0, 1;
    %jmp/0xz  T_19.0, 8;
    %ix/load 0, 8, 0;
    %assign/v0 v0x1a67010_0, 0, 0;
    %jmp T_19.1;
T_19.0 ;
    %load/v 8, v0x1a66ec0_0, 1;
    %jmp/0xz  T_19.2, 8;
    %load/v 8, v0x1a67010_0, 8;
    %ix/load 0, 8, 0;
    %assign/v0 v0x1a67010_0, 0, 8;
    %jmp T_19.3;
T_19.2 ;
    %load/v 8, v0x1a66f60_0, 8;
    %ix/load 0, 8, 0;
    %assign/v0 v0x1a67010_0, 0, 8;
T_19.3 ;
T_19.1 ;
    %jmp T_19;
    .thread T_19;
    .scope S_0x1a66720;
T_20 ;
    %wait E_0x1a23530;
    %load/v 8, v0x1a66870_0, 1;
    %jmp/0xz  T_20.0, 8;
    %ix/load 0, 2, 0;
    %assign/v0 v0x1a66b50_0, 0, 0;
    %jmp T_20.1;
T_20.0 ;
    %load/v 8, v0x1a66a00_0, 1;
    %jmp/0xz  T_20.2, 8;
    %load/v 8, v0x1a66b50_0, 2;
    %ix/load 0, 2, 0;
    %assign/v0 v0x1a66b50_0, 0, 8;
    %jmp T_20.3;
T_20.2 ;
    %load/v 8, v0x1a66aa0_0, 2;
    %ix/load 0, 2, 0;
    %assign/v0 v0x1a66b50_0, 0, 8;
T_20.3 ;
T_20.1 ;
    %jmp T_20;
    .thread T_20;
    .scope S_0x1a66150;
T_21 ;
    %wait E_0x1a23530;
    %load/v 8, v0x1a662f0_0, 1;
    %jmp/0xz  T_21.0, 8;
    %ix/load 0, 32, 0;
    %assign/v0 v0x1a666a0_0, 0, 0;
    %jmp T_21.1;
T_21.0 ;
    %load/v 8, v0x1a62030_0, 1;
    %jmp/0xz  T_21.2, 8;
    %load/v 8, v0x1a666a0_0, 32;
    %ix/load 0, 32, 0;
    %assign/v0 v0x1a666a0_0, 0, 8;
    %jmp T_21.3;
T_21.2 ;
    %load/v 8, v0x1a66620_0, 32;
    %ix/load 0, 32, 0;
    %assign/v0 v0x1a666a0_0, 0, 8;
T_21.3 ;
T_21.1 ;
    %jmp T_21;
    .thread T_21;
    .scope S_0x1a65cf0;
T_22 ;
    %wait E_0x1a23530;
    %load/v 8, v0x1a65e80_0, 1;
    %jmp/0xz  T_22.0, 8;
    %ix/load 0, 1, 0;
    %assign/v0 v0x1a660a0_0, 0, 0;
    %jmp T_22.1;
T_22.0 ;
    %load/v 8, v0x1a65f80_0, 1;
    %jmp/0xz  T_22.2, 8;
    %load/v 8, v0x1a660a0_0, 1;
    %ix/load 0, 1, 0;
    %assign/v0 v0x1a660a0_0, 0, 8;
    %jmp T_22.3;
T_22.2 ;
    %load/v 8, v0x1a66020_0, 1;
    %ix/load 0, 1, 0;
    %assign/v0 v0x1a660a0_0, 0, 8;
T_22.3 ;
T_22.1 ;
    %jmp T_22;
    .thread T_22;
    .scope S_0x1a65830;
T_23 ;
    %wait E_0x1a23530;
    %load/v 8, v0x1a659f0_0, 1;
    %jmp/0xz  T_23.0, 8;
    %ix/load 0, 32, 0;
    %assign/v0 v0x1a65c40_0, 0, 0;
    %jmp T_23.1;
T_23.0 ;
    %load/v 8, v0x1a65b10_0, 1;
    %jmp/0xz  T_23.2, 8;
    %load/v 8, v0x1a65c40_0, 32;
    %ix/load 0, 32, 0;
    %assign/v0 v0x1a65c40_0, 0, 8;
    %jmp T_23.3;
T_23.2 ;
    %load/v 8, v0x1a65b90_0, 32;
    %ix/load 0, 32, 0;
    %assign/v0 v0x1a65c40_0, 0, 8;
T_23.3 ;
T_23.1 ;
    %jmp T_23;
    .thread T_23;
    .scope S_0x1a653b0;
T_24 ;
    %wait E_0x1a23530;
    %load/v 8, v0x1a65520_0, 1;
    %jmp/0xz  T_24.0, 8;
    %ix/load 0, 4, 0;
    %assign/v0 v0x1a65790_0, 0, 0;
    %jmp T_24.1;
T_24.0 ;
    %load/v 8, v0x1a65640_0, 1;
    %jmp/0xz  T_24.2, 8;
    %load/v 8, v0x1a65790_0, 4;
    %ix/load 0, 4, 0;
    %assign/v0 v0x1a65790_0, 0, 8;
    %jmp T_24.3;
T_24.2 ;
    %load/v 8, v0x1a656e0_0, 4;
    %ix/load 0, 4, 0;
    %assign/v0 v0x1a65790_0, 0, 8;
T_24.3 ;
T_24.1 ;
    %jmp T_24;
    .thread T_24;
    .scope S_0x1a65060;
T_25 ;
    %wait E_0x1a64e30;
    %load/v 8, v0x1a65300_0, 4; Only need 4 of 6 bits
; Save base=8 wid=4 in lookaside.
    %cmpi/u 8, 0, 4;
    %jmp/1 T_25.0, 6;
    %cmpi/u 8, 2, 4;
    %jmp/1 T_25.1, 6;
    %cmpi/u 8, 5, 4;
    %jmp/1 T_25.2, 6;
    %cmpi/u 8, 6, 4;
    %jmp/1 T_25.3, 6;
    %cmpi/u 8, 7, 4;
    %jmp/1 T_25.4, 6;
    %cmpi/u 8, 10, 4;
    %jmp/1 T_25.5, 6;
    %set/v v0x1a65150_0, 0, 4;
    %jmp T_25.7;
T_25.0 ;
    %movi 8, 2, 4;
    %set/v v0x1a65150_0, 8, 4;
    %jmp T_25.7;
T_25.1 ;
    %movi 8, 6, 4;
    %set/v v0x1a65150_0, 8, 4;
    %jmp T_25.7;
T_25.2 ;
    %movi 8, 1, 4;
    %set/v v0x1a65150_0, 8, 4;
    %jmp T_25.7;
T_25.3 ;
    %movi 8, 13, 4;
    %set/v v0x1a65150_0, 8, 4;
    %jmp T_25.7;
T_25.4 ;
    %movi 8, 12, 4;
    %set/v v0x1a65150_0, 8, 4;
    %jmp T_25.7;
T_25.5 ;
    %movi 8, 7, 4;
    %set/v v0x1a65150_0, 8, 4;
    %jmp T_25.7;
T_25.7 ;
    %jmp T_25;
    .thread T_25, $push;
    .scope S_0x1a65060;
T_26 ;
    %wait E_0x1a64cd0;
    %load/v 8, v0x1a65280_0, 2;
    %cmpi/u 8, 0, 2;
    %jmp/1 T_26.0, 6;
    %cmpi/u 8, 1, 2;
    %jmp/1 T_26.1, 6;
    %cmpi/u 8, 2, 2;
    %jmp/1 T_26.2, 6;
    %cmpi/u 8, 3, 2;
    %jmp/1 T_26.3, 6;
    %set/v v0x1a651d0_0, 0, 4;
    %jmp T_26.5;
T_26.0 ;
    %movi 8, 2, 4;
    %set/v v0x1a651d0_0, 8, 4;
    %jmp T_26.5;
T_26.1 ;
    %movi 8, 6, 4;
    %set/v v0x1a651d0_0, 8, 4;
    %jmp T_26.5;
T_26.2 ;
    %load/v 8, v0x1a65150_0, 4;
    %set/v v0x1a651d0_0, 8, 4;
    %jmp T_26.5;
T_26.3 ;
    %movi 8, 2, 4;
    %set/v v0x1a651d0_0, 8, 4;
    %jmp T_26.5;
T_26.5 ;
    %jmp T_26;
    .thread T_26, $push;
    .scope S_0x1a63590;
T_27 ;
    %wait E_0x1a63680;
    %load/v 8, v0x1a64a40_0, 4;
    %cmpi/u 8, 2, 4;
    %jmp/1 T_27.0, 6;
    %cmpi/u 8, 0, 4;
    %jmp/1 T_27.1, 6;
    %cmpi/u 8, 12, 4;
    %jmp/1 T_27.2, 6;
    %cmpi/u 8, 1, 4;
    %jmp/1 T_27.3, 6;
    %cmpi/u 8, 7, 4;
    %jmp/1 T_27.4, 6;
    %cmpi/u 8, 6, 4;
    %jmp/1 T_27.5, 6;
    %cmpi/u 8, 13, 4;
    %jmp/1 T_27.6, 6;
    %ix/load 0, 32, 0;
    %assign/v0 v0x1a64d30_0, 0, 0;
    %jmp T_27.8;
T_27.0 ;
    %load/v 8, v0x1a648e0_0, 32;
    %ix/load 0, 32, 0;
    %assign/v0 v0x1a64d30_0, 0, 8;
    %jmp T_27.8;
T_27.1 ;
    %load/v 8, v0x1a646f0_0, 32;
    %load/v 40, v0x1a64830_0, 32;
    %and 8, 40, 32;
    %ix/load 0, 32, 0;
    %assign/v0 v0x1a64d30_0, 0, 8;
    %jmp T_27.8;
T_27.2 ;
    %load/v 8, v0x1a646f0_0, 32;
    %load/v 40, v0x1a64830_0, 32;
    %or 8, 40, 32;
    %inv 8, 32;
    %ix/load 0, 32, 0;
    %assign/v0 v0x1a64d30_0, 0, 8;
    %jmp T_27.8;
T_27.3 ;
    %load/v 8, v0x1a646f0_0, 32;
    %load/v 40, v0x1a64830_0, 32;
    %or 8, 40, 32;
    %ix/load 0, 32, 0;
    %assign/v0 v0x1a64d30_0, 0, 8;
    %jmp T_27.8;
T_27.4 ;
    %load/v 8, v0x1a64c30_0, 1;
    %mov 9, 0, 31;
    %ix/load 0, 32, 0;
    %assign/v0 v0x1a64d30_0, 0, 8;
    %jmp T_27.8;
T_27.5 ;
    %load/v 8, v0x1a64ec0_0, 32;
    %ix/load 0, 32, 0;
    %assign/v0 v0x1a64d30_0, 0, 8;
    %jmp T_27.8;
T_27.6 ;
    %load/v 8, v0x1a646f0_0, 32;
    %load/v 40, v0x1a64830_0, 32;
    %xor 8, 40, 32;
    %ix/load 0, 32, 0;
    %assign/v0 v0x1a64d30_0, 0, 8;
    %jmp T_27.8;
T_27.8 ;
    %jmp T_27;
    .thread T_27, $push;
    .scope S_0x1a630d0;
T_28 ;
    %wait E_0x1a23530;
    %load/v 8, v0x1a63280_0, 1;
    %jmp/0xz  T_28.0, 8;
    %ix/load 0, 1, 0;
    %assign/v0 v0x1a634f0_0, 0, 0;
    %jmp T_28.1;
T_28.0 ;
    %load/v 8, v0x1a633a0_0, 1;
    %jmp/0xz  T_28.2, 8;
    %load/v 8, v0x1a634f0_0, 1;
    %ix/load 0, 1, 0;
    %assign/v0 v0x1a634f0_0, 0, 8;
    %jmp T_28.3;
T_28.2 ;
    %load/v 8, v0x1a63440_0, 1;
    %ix/load 0, 1, 0;
    %assign/v0 v0x1a634f0_0, 0, 8;
T_28.3 ;
T_28.1 ;
    %jmp T_28;
    .thread T_28;
    .scope S_0x1a62c50;
T_29 ;
    %wait E_0x1a23530;
    %load/v 8, v0x1a62df0_0, 1;
    %jmp/0xz  T_29.0, 8;
    %ix/load 0, 32, 0;
    %assign/v0 v0x1a63030_0, 0, 0;
    %jmp T_29.1;
T_29.0 ;
    %load/v 8, v0x1a62f10_0, 1;
    %jmp/0xz  T_29.2, 8;
    %load/v 8, v0x1a63030_0, 32;
    %ix/load 0, 32, 0;
    %assign/v0 v0x1a63030_0, 0, 8;
    %jmp T_29.3;
T_29.2 ;
    %load/v 8, v0x1a62fb0_0, 32;
    %ix/load 0, 32, 0;
    %assign/v0 v0x1a63030_0, 0, 8;
T_29.3 ;
T_29.1 ;
    %jmp T_29;
    .thread T_29;
    .scope S_0x1a627c0;
T_30 ;
    %wait E_0x1a23530;
    %load/v 8, v0x1a62960_0, 1;
    %jmp/0xz  T_30.0, 8;
    %ix/load 0, 32, 0;
    %assign/v0 v0x1a62ba0_0, 0, 0;
    %jmp T_30.1;
T_30.0 ;
    %load/v 8, v0x1a62a80_0, 1;
    %jmp/0xz  T_30.2, 8;
    %load/v 8, v0x1a62ba0_0, 32;
    %ix/load 0, 32, 0;
    %assign/v0 v0x1a62ba0_0, 0, 8;
    %jmp T_30.3;
T_30.2 ;
    %load/v 8, v0x1a62b20_0, 32;
    %ix/load 0, 32, 0;
    %assign/v0 v0x1a62ba0_0, 0, 8;
T_30.3 ;
T_30.1 ;
    %jmp T_30;
    .thread T_30;
    .scope S_0x1a62280;
T_31 ;
    %wait E_0x1a23530;
    %load/v 8, v0x1a62430_0, 1;
    %jmp/0xz  T_31.0, 8;
    %ix/load 0, 5, 0;
    %assign/v0 v0x1a62710_0, 0, 0;
    %jmp T_31.1;
T_31.0 ;
    %load/v 8, v0x1a625c0_0, 1;
    %jmp/0xz  T_31.2, 8;
    %load/v 8, v0x1a62710_0, 5;
    %ix/load 0, 5, 0;
    %assign/v0 v0x1a62710_0, 0, 8;
    %jmp T_31.3;
T_31.2 ;
    %load/v 8, v0x1a62660_0, 5;
    %ix/load 0, 5, 0;
    %assign/v0 v0x1a62710_0, 0, 8;
T_31.3 ;
T_31.1 ;
    %jmp T_31;
    .thread T_31;
    .scope S_0x1a61d80;
T_32 ;
    %wait E_0x1a23530;
    %load/v 8, v0x1a61f30_0, 1;
    %jmp/0xz  T_32.0, 8;
    %ix/load 0, 2, 0;
    %assign/v0 v0x1a621e0_0, 0, 0;
    %jmp T_32.1;
T_32.0 ;
    %load/v 8, v0x1a60d20_0, 1;
    %jmp/0xz  T_32.2, 8;
    %load/v 8, v0x1a621e0_0, 2;
    %ix/load 0, 2, 0;
    %assign/v0 v0x1a621e0_0, 0, 8;
    %jmp T_32.3;
T_32.2 ;
    %load/v 8, v0x1a62160_0, 2;
    %ix/load 0, 2, 0;
    %assign/v0 v0x1a621e0_0, 0, 8;
T_32.3 ;
T_32.1 ;
    %jmp T_32;
    .thread T_32;
    .scope S_0x1a618e0;
T_33 ;
    %wait E_0x1a23530;
    %load/v 8, v0x1a61aa0_0, 1;
    %jmp/0xz  T_33.0, 8;
    %ix/load 0, 32, 0;
    %assign/v0 v0x1a61ce0_0, 0, 0;
    %jmp T_33.1;
T_33.0 ;
    %load/v 8, v0x1a61bc0_0, 1;
    %jmp/0xz  T_33.2, 8;
    %load/v 8, v0x1a61ce0_0, 32;
    %ix/load 0, 32, 0;
    %assign/v0 v0x1a61ce0_0, 0, 8;
    %jmp T_33.3;
T_33.2 ;
    %load/v 8, v0x1a61c60_0, 32;
    %ix/load 0, 32, 0;
    %assign/v0 v0x1a61ce0_0, 0, 8;
T_33.3 ;
T_33.1 ;
    %jmp T_33;
    .thread T_33;
    .scope S_0x1a61430;
T_34 ;
    %wait E_0x1a23530;
    %load/v 8, v0x1a615e0_0, 1;
    %jmp/0xz  T_34.0, 8;
    %ix/load 0, 1, 0;
    %assign/v0 v0x1a61840_0, 0, 0;
    %jmp T_34.1;
T_34.0 ;
    %load/v 8, v0x1a61710_0, 1;
    %jmp/0xz  T_34.2, 8;
    %load/v 8, v0x1a61840_0, 1;
    %ix/load 0, 1, 0;
    %assign/v0 v0x1a61840_0, 0, 8;
    %jmp T_34.3;
T_34.2 ;
    %load/v 8, v0x1a61790_0, 1;
    %ix/load 0, 1, 0;
    %assign/v0 v0x1a61840_0, 0, 8;
T_34.3 ;
T_34.1 ;
    %jmp T_34;
    .thread T_34;
    .scope S_0x1a60f70;
T_35 ;
    %wait E_0x1a23530;
    %load/v 8, v0x1a61130_0, 1;
    %jmp/0xz  T_35.0, 8;
    %ix/load 0, 32, 0;
    %assign/v0 v0x1a61390_0, 0, 0;
    %jmp T_35.1;
T_35.0 ;
    %load/v 8, v0x1a61270_0, 1;
    %jmp/0xz  T_35.2, 8;
    %load/v 8, v0x1a61390_0, 32;
    %ix/load 0, 32, 0;
    %assign/v0 v0x1a61390_0, 0, 8;
    %jmp T_35.3;
T_35.2 ;
    %load/v 8, v0x1a61310_0, 32;
    %ix/load 0, 32, 0;
    %assign/v0 v0x1a61390_0, 0, 8;
T_35.3 ;
T_35.1 ;
    %jmp T_35;
    .thread T_35;
    .scope S_0x1a60a90;
T_36 ;
    %wait E_0x1a23530;
    %load/v 8, v0x1a60c00_0, 1;
    %jmp/0xz  T_36.0, 8;
    %ix/load 0, 2, 0;
    %assign/v0 v0x1a60ed0_0, 0, 0;
    %jmp T_36.1;
T_36.0 ;
    %load/v 8, v0x1a60db0_0, 1;
    %jmp/0xz  T_36.2, 8;
    %load/v 8, v0x1a60ed0_0, 2;
    %ix/load 0, 2, 0;
    %assign/v0 v0x1a60ed0_0, 0, 8;
    %jmp T_36.3;
T_36.2 ;
    %load/v 8, v0x1a60e50_0, 2;
    %ix/load 0, 2, 0;
    %assign/v0 v0x1a60ed0_0, 0, 8;
T_36.3 ;
T_36.1 ;
    %jmp T_36;
    .thread T_36;
    .scope S_0x1a60340;
T_37 ;
    %vpi_call 11 35 "$readmemh", P_0x1a60460, v0x1a607a0, 1'sb0, 6'sb010011;
    %end;
    .thread T_37;
    .scope S_0x1a60340;
T_38 ;
    %wait E_0x1a23530;
    %load/v 8, v0x1a609a0_0, 1;
    %jmp/0xz  T_38.0, 8;
    %load/v 8, v0x1a60920_0, 32;
    %ix/getv 3, v0x1a60680_0;
    %jmp/1 t_4, 4;
    %ix/load 0, 32, 0; word width
    %ix/load 1, 0, 0; part off
    %assign/av v0x1a607a0, 0, 8;
t_4 ;
T_38.0 ;
    %jmp T_38;
    .thread T_38;
    .scope S_0x1a5fe30;
T_39 ;
    %wait E_0x1a23530;
    %load/v 8, v0x1a5fff0_0, 1;
    %jmp/0xz  T_39.0, 8;
    %ix/load 0, 32, 0;
    %assign/v0 v0x1a602a0_0, 0, 0;
    %jmp T_39.1;
T_39.0 ;
    %load/v 8, v0x1a60180_0, 1;
    %jmp/0xz  T_39.2, 8;
    %load/v 8, v0x1a602a0_0, 32;
    %ix/load 0, 32, 0;
    %assign/v0 v0x1a602a0_0, 0, 8;
    %jmp T_39.3;
T_39.2 ;
    %load/v 8, v0x1a60220_0, 32;
    %ix/load 0, 32, 0;
    %assign/v0 v0x1a602a0_0, 0, 8;
T_39.3 ;
T_39.1 ;
    %jmp T_39;
    .thread T_39;
    .scope S_0x1a5f960;
T_40 ;
    %wait E_0x1a23530;
    %load/v 8, v0x1a5fb20_0, 1;
    %jmp/0xz  T_40.0, 8;
    %ix/load 0, 32, 0;
    %assign/v0 v0x1a5fd90_0, 0, 0;
    %jmp T_40.1;
T_40.0 ;
    %load/v 8, v0x1a5fc60_0, 1;
    %jmp/0xz  T_40.2, 8;
    %load/v 8, v0x1a5fd90_0, 32;
    %ix/load 0, 32, 0;
    %assign/v0 v0x1a5fd90_0, 0, 8;
    %jmp T_40.3;
T_40.2 ;
    %load/v 8, v0x1a5fce0_0, 32;
    %ix/load 0, 32, 0;
    %assign/v0 v0x1a5fd90_0, 0, 8;
T_40.3 ;
T_40.1 ;
    %jmp T_40;
    .thread T_40;
    .scope S_0x1a2c380;
T_41 ;
    %wait E_0x1a23530;
    %load/v 8, v0x1a3cd90_0, 1;
    %jmp/0xz  T_41.0, 8;
    %ix/load 0, 5, 0;
    %assign/v0 v0x1a5f8c0_0, 0, 0;
    %jmp T_41.1;
T_41.0 ;
    %load/v 8, v0x1a5f770_0, 1;
    %jmp/0xz  T_41.2, 8;
    %load/v 8, v0x1a5f8c0_0, 5;
    %ix/load 0, 5, 0;
    %assign/v0 v0x1a5f8c0_0, 0, 8;
    %jmp T_41.3;
T_41.2 ;
    %load/v 8, v0x1a5f810_0, 5;
    %ix/load 0, 5, 0;
    %assign/v0 v0x1a5f8c0_0, 0, 8;
T_41.3 ;
T_41.1 ;
    %jmp T_41;
    .thread T_41;
    .scope S_0x1a2a690;
T_42 ;
    %vpi_call 2 46 "$display", "if_pc,    if_instr, id_regrs, id_regrt, ex_alua,  ex_alub,  ex_aluctl, mem_memdata, mem_memread, mem_memwrite, wb_regdata, wb_regwrite";
    %vpi_call 2 47 "$monitor", "C=%d Wrt=%b Wrp=%b MUX=%d PC=%x %x ||rs=%d rt=%d rd=%d||A=%x B=%x||w=%x Ram=%x R%xW%x||D=%x \012b=%x j=%x||Opcode=%x Func=%x||I=%x R=%x||D=%d alu=%x branch%x j%x||R=%x C=%d \012-------------------------------------------------------------------------------------------------------", v0x1a6ef90_0, v0x1a6dcd0_0, v0x1a6dbb0_0, v0x1a709c0_0, v0x1a70780_0, v0x1a6fdf0_0, v0x1a71090_0, v0x1a711e0_0, v0x1a70b40_0, v0x1a6f8d0_0, v0x1a6e9b0_0, v0x1a6f3b0_0, v0x1a70c40_0, v0x1a70170_0, v0x1a70940_0, v0x1a71600_0, v0x1a6ee10_0, v0x1a70070_0, v0x1a706d0_0, &PV<v0x1a6fb90_0, 0, 6>, v0x1a71820_0, v0x1a6e700_0, v0x1a71bf0_0, v0x1a6e930_0, v0x1a70ac0_0, v0x1a70310_0, v0x1a718a0_0, v0x1a6f330_0, " ";
    %end;
    .thread T_42;
    .scope S_0x1a2a690;
T_43 ;
    %wait E_0x1a29ff0;
    %load/v 8, v0x1a6f7d0_0, 1;
    %ix/load 0, 1, 0;
    %assign/v0 v0x1a6f480_0, 0, 8;
    %ix/load 0, 1, 0;
    %assign/v0 v0x1a6f850_0, 0, 0;
    %ix/load 0, 1, 0;
    %assign/v0 v0x1a6f740_0, 0, 0;
    %jmp T_43;
    .thread T_43, $push;
    .scope S_0x1a2a690;
T_44 ;
    %movi 8, 1, 6;
    %ix/load 0, 6, 0;
    %assign/v0 v0x1a6f330_0, 0, 8;
    %end;
    .thread T_44;
    .scope S_0x1a2a690;
T_45 ;
    %wait E_0x1a23530;
    %load/v 8, v0x1a6f330_0, 6;
    %mov 14, 0, 26;
    %addi 8, 1, 32;
    %ix/load 0, 6, 0;
    %assign/v0 v0x1a6f330_0, 0, 8;
    %jmp T_45;
    .thread T_45;
    .scope S_0x1a2a690;
T_46 ;
    %ix/load 0, 32, 0;
    %assign/v0 v0x1a70780_0, 0, 0;
    %end;
    .thread T_46;
    .scope S_0x1a2a690;
T_47 ;
    %wait E_0x1a23530;
    %load/v 8, v0x1a71580_0, 1;
    %jmp/0xz  T_47.0, 8;
    %load/v 8, v0x1a70780_0, 32;
    %ix/load 0, 32, 0;
    %assign/v0 v0x1a70780_0, 0, 8;
    %jmp T_47.1;
T_47.0 ;
    %load/v 8, v0x1a709c0_0, 2;
    %cmpi/u 8, 0, 2;
    %jmp/0xz  T_47.2, 4;
    %load/v 8, v0x1a70780_0, 32;
    %mov 40, 0, 1;
    %addi 8, 4, 33;
    %ix/load 0, 32, 0;
    %assign/v0 v0x1a70780_0, 0, 8;
    %jmp T_47.3;
T_47.2 ;
    %load/v 8, v0x1a709c0_0, 2;
    %cmpi/u 8, 1, 2;
    %jmp/0xz  T_47.4, 4;
    %load/v 8, v0x1a6d7d0_0, 32;
    %ix/load 0, 32, 0;
    %assign/v0 v0x1a70780_0, 0, 8;
    %jmp T_47.5;
T_47.4 ;
    %load/v 8, v0x1a709c0_0, 2;
    %cmpi/u 8, 2, 2;
    %jmp/0xz  T_47.6, 4;
    %load/v 8, v0x1a70cd0_0, 32;
    %ix/load 0, 32, 0;
    %assign/v0 v0x1a70780_0, 0, 8;
    %jmp T_47.7;
T_47.6 ;
    %load/v 8, v0x1a709c0_0, 2;
    %cmpi/u 8, 3, 2;
    %jmp/0xz  T_47.8, 4;
    %load/v 8, v0x1a6eb20_0, 32;
    %ix/load 0, 32, 0;
    %assign/v0 v0x1a70780_0, 0, 8;
    %jmp T_47.9;
T_47.8 ;
    %load/v 8, v0x1a70830_0, 32;
    %ix/load 0, 32, 0;
    %assign/v0 v0x1a70780_0, 0, 8;
T_47.9 ;
T_47.7 ;
T_47.5 ;
T_47.3 ;
T_47.1 ;
    %jmp T_47;
    .thread T_47;
    .scope S_0x1a2a690;
T_48 ;
    %wait E_0x1a24a10;
    %load/v 8, v0x1a668f0_0, 2;
    %cmpi/u 8, 1, 2;
    %jmp/1 T_48.0, 6;
    %cmpi/u 8, 2, 2;
    %jmp/1 T_48.1, 6;
    %load/v 8, v0x1a6f200_0, 32;
    %set/v v0x1a6f8d0_0, 8, 32;
    %jmp T_48.3;
T_48.0 ;
    %load/v 8, v0x1a6e930_0, 32;
    %set/v v0x1a6f8d0_0, 8, 32;
    %jmp T_48.3;
T_48.1 ;
    %load/v 8, v0x1a71600_0, 32;
    %set/v v0x1a6f8d0_0, 8, 32;
    %jmp T_48.3;
T_48.3 ;
    %jmp T_48;
    .thread T_48, $push;
    .scope S_0x1a2a690;
T_49 ;
    %wait E_0x1a0ed20;
    %load/v 8, v0x1a6fa90_0, 2;
    %cmpi/u 8, 1, 2;
    %jmp/1 T_49.0, 6;
    %cmpi/u 8, 2, 2;
    %jmp/1 T_49.1, 6;
    %load/v 8, v0x1a6f5b0_0, 32;
    %set/v v0x1a6f980_0, 8, 32;
    %jmp T_49.3;
T_49.0 ;
    %load/v 8, v0x1a6e930_0, 32;
    %set/v v0x1a6f980_0, 8, 32;
    %jmp T_49.3;
T_49.1 ;
    %load/v 8, v0x1a71600_0, 32;
    %set/v v0x1a6f980_0, 8, 32;
    %jmp T_49.3;
T_49.3 ;
    %jmp T_49;
    .thread T_49, $push;
    .scope S_0x1a2a690;
T_50 ;
    %wait E_0x1a21c90;
    %jmp T_50;
    .thread T_50;
    .scope S_0x1a2a690;
T_51 ;
    %wait E_0x1a1be60;
    %load/v 8, v0x1a71380_0, 1;
    %load/v 9, v0x1a71bf0_0, 5;
    %load/v 14, v0x1a71160_0, 5;
    %cmp/u 9, 14, 5;
    %mov 9, 4, 1;
    %and 8, 9, 1;
    %jmp/0xz  T_51.0, 8;
    %movi 8, 1, 2;
    %ix/load 0, 2, 0;
    %assign/v0 v0x1a668f0_0, 0, 8;
    %jmp T_51.1;
T_51.0 ;
    %load/v 8, v0x1a71400_0, 1;
    %load/v 9, v0x1a718a0_0, 5;
    %load/v 14, v0x1a71160_0, 5;
    %cmp/u 9, 14, 5;
    %mov 9, 4, 1;
    %and 8, 9, 1;
    %jmp/0xz  T_51.2, 8;
    %movi 8, 2, 2;
    %ix/load 0, 2, 0;
    %assign/v0 v0x1a668f0_0, 0, 8;
    %jmp T_51.3;
T_51.2 ;
    %ix/load 0, 2, 0;
    %assign/v0 v0x1a668f0_0, 0, 0;
T_51.3 ;
T_51.1 ;
    %load/v 8, v0x1a71380_0, 1;
    %load/v 9, v0x1a71bf0_0, 5;
    %load/v 14, v0x1a71290_0, 5;
    %cmp/u 9, 14, 5;
    %mov 9, 4, 1;
    %and 8, 9, 1;
    %jmp/0xz  T_51.4, 8;
    %movi 8, 1, 2;
    %ix/load 0, 2, 0;
    %assign/v0 v0x1a6fa90_0, 0, 8;
    %jmp T_51.5;
T_51.4 ;
    %load/v 8, v0x1a71400_0, 1;
    %load/v 9, v0x1a718a0_0, 5;
    %load/v 14, v0x1a71290_0, 5;
    %cmp/u 9, 14, 5;
    %mov 9, 4, 1;
    %and 8, 9, 1;
    %jmp/0xz  T_51.6, 8;
    %movi 8, 2, 2;
    %ix/load 0, 2, 0;
    %assign/v0 v0x1a6fa90_0, 0, 8;
    %jmp T_51.7;
T_51.6 ;
    %ix/load 0, 2, 0;
    %assign/v0 v0x1a6fa90_0, 0, 0;
T_51.7 ;
T_51.5 ;
    %jmp T_51;
    .thread T_51, $push;
    .scope S_0x1a2a690;
T_52 ;
    %wait E_0x1a1a2c0;
    %load/v 8, v0x1a700f0_0, 1;
    %load/v 9, v0x1a711e0_0, 5;
    %load/v 14, v0x1a71290_0, 5;
    %cmp/u 9, 14, 5;
    %mov 9, 4, 1;
    %load/v 10, v0x1a71090_0, 5;
    %load/v 15, v0x1a71290_0, 5;
    %cmp/u 10, 15, 5;
    %or 9, 4, 1;
    %and 8, 9, 1;
    %jmp/0xz  T_52.0, 8;
    %ix/load 0, 1, 0;
    %assign/v0 v0x1a71580_0, 0, 1;
    %jmp T_52.1;
T_52.0 ;
    %ix/load 0, 1, 0;
    %assign/v0 v0x1a71580_0, 0, 0;
T_52.1 ;
    %jmp T_52;
    .thread T_52, $push;
# The file index is used to find the file name in the following table.
:file_names 12;
    "N/A";
    "<interactive>";
    "cpu.v";
    "./branch_unit.v";
    "./branch_table.v";
    "./regr.v";
    "./im.v";
    "./regm.v";
    "./control.v";
    "./alu_control.v";
    "./alu.v";
    "./dm.v";
